2022-06-23 00:50:11 startup archives unpack
2022-06-23 00:50:11 install netbase:all <none> 6.3
2022-06-23 00:50:11 status half-installed netbase:all 6.3
2022-06-23 00:50:11 status unpacked netbase:all 6.3
2022-06-23 00:50:11 install openssl:amd64 <none> 1.1.1n-0+deb11u2
2022-06-23 00:50:11 status half-installed openssl:amd64 1.1.1n-0+deb11u2
2022-06-23 00:50:11 status unpacked openssl:amd64 1.1.1n-0+deb11u2
2022-06-23 00:50:11 install ca-certificates:all <none> 20210119
2022-06-23 00:50:11 status half-installed ca-certificates:all 20210119
2022-06-23 00:50:11 status unpacked ca-certificates:all 20210119
2022-06-23 00:50:11 install libpsl5:amd64 <none> 0.21.0-1.2
2022-06-23 00:50:11 status triggers-pending libc-bin:amd64 2.31-13+deb11u3
2022-06-23 00:50:11 status half-installed libpsl5:amd64 0.21.0-1.2
2022-06-23 00:50:11 status unpacked libpsl5:amd64 0.21.0-1.2
2022-06-23 00:50:11 install wget:amd64 <none> 1.21-1+deb11u1
2022-06-23 00:50:11 status half-installed wget:amd64 1.21-1+deb11u1
2022-06-23 00:50:11 status unpacked wget:amd64 1.21-1+deb11u1
2022-06-23 00:50:11 install libbrotli1:amd64 <none> 1.0.9-2+b2
2022-06-23 00:50:11 status half-installed libbrotli1:amd64 1.0.9-2+b2
2022-06-23 00:50:11 status unpacked libbrotli1:amd64 1.0.9-2+b2
2022-06-23 00:50:11 install libsasl2-modules-db:amd64 <none> 2.1.27+dfsg-2.1+deb11u1
2022-06-23 00:50:11 status half-installed libsasl2-modules-db:amd64 2.1.27+dfsg-2.1+deb11u1
2022-06-23 00:50:11 status unpacked libsasl2-modules-db:amd64 2.1.27+dfsg-2.1+deb11u1
2022-06-23 00:50:11 install libsasl2-2:amd64 <none> 2.1.27+dfsg-2.1+deb11u1
2022-06-23 00:50:11 status half-installed libsasl2-2:amd64 2.1.27+dfsg-2.1+deb11u1
2022-06-23 00:50:11 status unpacked libsasl2-2:amd64 2.1.27+dfsg-2.1+deb11u1
2022-06-23 00:50:11 install libldap-2.4-2:amd64 <none> 2.4.57+dfsg-3+deb11u1
2022-06-23 00:50:11 status half-installed libldap-2.4-2:amd64 2.4.57+dfsg-3+deb11u1
2022-06-23 00:50:11 status unpacked libldap-2.4-2:amd64 2.4.57+dfsg-3+deb11u1
2022-06-23 00:50:11 install libnghttp2-14:amd64 <none> 1.43.0-1
2022-06-23 00:50:11 status half-installed libnghttp2-14:amd64 1.43.0-1
2022-06-23 00:50:11 status unpacked libnghttp2-14:amd64 1.43.0-1
2022-06-23 00:50:11 install librtmp1:amd64 <none> 2.4+20151223.gitfa8646d.1-2+b2
2022-06-23 00:50:11 status half-installed librtmp1:amd64 2.4+20151223.gitfa8646d.1-2+b2
2022-06-23 00:50:11 status unpacked librtmp1:amd64 2.4+20151223.gitfa8646d.1-2+b2
2022-06-23 00:50:12 install libssh2-1:amd64 <none> 1.9.0-2
2022-06-23 00:50:12 status half-installed libssh2-1:amd64 1.9.0-2
2022-06-23 00:50:12 status unpacked libssh2-1:amd64 1.9.0-2
2022-06-23 00:50:12 install libcurl4:amd64 <none> 7.74.0-1.3+deb11u1
2022-06-23 00:50:12 status half-installed libcurl4:amd64 7.74.0-1.3+deb11u1
2022-06-23 00:50:12 status unpacked libcurl4:amd64 7.74.0-1.3+deb11u1
2022-06-23 00:50:12 install curl:amd64 <none> 7.74.0-1.3+deb11u1
2022-06-23 00:50:12 status half-installed curl:amd64 7.74.0-1.3+deb11u1
2022-06-23 00:50:12 status unpacked curl:amd64 7.74.0-1.3+deb11u1
2022-06-23 00:50:12 startup packages configure
2022-06-23 00:50:12 configure libpsl5:amd64 0.21.0-1.2 <none>
2022-06-23 00:50:12 status unpacked libpsl5:amd64 0.21.0-1.2
2022-06-23 00:50:12 status half-configured libpsl5:amd64 0.21.0-1.2
2022-06-23 00:50:12 status installed libpsl5:amd64 0.21.0-1.2
2022-06-23 00:50:12 configure wget:amd64 1.21-1+deb11u1 <none>
2022-06-23 00:50:12 status unpacked wget:amd64 1.21-1+deb11u1
2022-06-23 00:50:12 status half-configured wget:amd64 1.21-1+deb11u1
2022-06-23 00:50:12 status installed wget:amd64 1.21-1+deb11u1
2022-06-23 00:50:12 configure libbrotli1:amd64 1.0.9-2+b2 <none>
2022-06-23 00:50:12 status unpacked libbrotli1:amd64 1.0.9-2+b2
2022-06-23 00:50:12 status half-configured libbrotli1:amd64 1.0.9-2+b2
2022-06-23 00:50:12 status installed libbrotli1:amd64 1.0.9-2+b2
2022-06-23 00:50:12 configure libnghttp2-14:amd64 1.43.0-1 <none>
2022-06-23 00:50:12 status unpacked libnghttp2-14:amd64 1.43.0-1
2022-06-23 00:50:12 status half-configured libnghttp2-14:amd64 1.43.0-1
2022-06-23 00:50:12 status installed libnghttp2-14:amd64 1.43.0-1
2022-06-23 00:50:12 configure libsasl2-modules-db:amd64 2.1.27+dfsg-2.1+deb11u1 <none>
2022-06-23 00:50:12 status unpacked libsasl2-modules-db:amd64 2.1.27+dfsg-2.1+deb11u1
2022-06-23 00:50:12 status half-configured libsasl2-modules-db:amd64 2.1.27+dfsg-2.1+deb11u1
2022-06-23 00:50:12 status installed libsasl2-modules-db:amd64 2.1.27+dfsg-2.1+deb11u1
2022-06-23 00:50:12 configure librtmp1:amd64 2.4+20151223.gitfa8646d.1-2+b2 <none>
2022-06-23 00:50:12 status unpacked librtmp1:amd64 2.4+20151223.gitfa8646d.1-2+b2
2022-06-23 00:50:12 status half-configured librtmp1:amd64 2.4+20151223.gitfa8646d.1-2+b2
2022-06-23 00:50:12 status installed librtmp1:amd64 2.4+20151223.gitfa8646d.1-2+b2
2022-06-23 00:50:12 configure libsasl2-2:amd64 2.1.27+dfsg-2.1+deb11u1 <none>
2022-06-23 00:50:12 status unpacked libsasl2-2:amd64 2.1.27+dfsg-2.1+deb11u1
2022-06-23 00:50:12 status half-configured libsasl2-2:amd64 2.1.27+dfsg-2.1+deb11u1
2022-06-23 00:50:12 status installed libsasl2-2:amd64 2.1.27+dfsg-2.1+deb11u1
2022-06-23 00:50:12 configure libssh2-1:amd64 1.9.0-2 <none>
2022-06-23 00:50:12 status unpacked libssh2-1:amd64 1.9.0-2
2022-06-23 00:50:12 status half-configured libssh2-1:amd64 1.9.0-2
2022-06-23 00:50:12 status installed libssh2-1:amd64 1.9.0-2
2022-06-23 00:50:12 configure netbase:all 6.3 <none>
2022-06-23 00:50:12 status unpacked netbase:all 6.3
2022-06-23 00:50:12 status half-configured netbase:all 6.3
2022-06-23 00:50:12 status installed netbase:all 6.3
2022-06-23 00:50:12 configure openssl:amd64 1.1.1n-0+deb11u2 <none>
2022-06-23 00:50:12 status unpacked openssl:amd64 1.1.1n-0+deb11u2
2022-06-23 00:50:12 status half-configured openssl:amd64 1.1.1n-0+deb11u2
2022-06-23 00:50:12 status installed openssl:amd64 1.1.1n-0+deb11u2
2022-06-23 00:50:12 configure libldap-2.4-2:amd64 2.4.57+dfsg-3+deb11u1 <none>
2022-06-23 00:50:12 status unpacked libldap-2.4-2:amd64 2.4.57+dfsg-3+deb11u1
2022-06-23 00:50:12 status half-configured libldap-2.4-2:amd64 2.4.57+dfsg-3+deb11u1
2022-06-23 00:50:12 status installed libldap-2.4-2:amd64 2.4.57+dfsg-3+deb11u1
2022-06-23 00:50:12 configure ca-certificates:all 20210119 <none>
2022-06-23 00:50:12 status unpacked ca-certificates:all 20210119
2022-06-23 00:50:12 status half-configured ca-certificates:all 20210119
2022-06-23 00:50:13 status installed ca-certificates:all 20210119
2022-06-23 00:50:13 status triggers-pending ca-certificates:all 20210119
2022-06-23 00:50:13 configure libcurl4:amd64 7.74.0-1.3+deb11u1 <none>
2022-06-23 00:50:13 status unpacked libcurl4:amd64 7.74.0-1.3+deb11u1
2022-06-23 00:50:13 status half-configured libcurl4:amd64 7.74.0-1.3+deb11u1
2022-06-23 00:50:13 status installed libcurl4:amd64 7.74.0-1.3+deb11u1
2022-06-23 00:50:13 configure curl:amd64 7.74.0-1.3+deb11u1 <none>
2022-06-23 00:50:13 status unpacked curl:amd64 7.74.0-1.3+deb11u1
2022-06-23 00:50:13 status half-configured curl:amd64 7.74.0-1.3+deb11u1
2022-06-23 00:50:13 status installed curl:amd64 7.74.0-1.3+deb11u1
2022-06-23 00:50:13 trigproc libc-bin:amd64 2.31-13+deb11u3 <none>
2022-06-23 00:50:13 status half-configured libc-bin:amd64 2.31-13+deb11u3
2022-06-23 00:50:13 status installed libc-bin:amd64 2.31-13+deb11u3
2022-06-23 00:50:13 trigproc ca-certificates:all 20210119 <none>
2022-06-23 00:50:13 status half-configured ca-certificates:all 20210119
2022-06-23 00:50:13 status installed ca-certificates:all 20210119
2022-06-23 00:50:17 startup archives unpack
2022-06-23 00:50:17 install readline-common:all <none> 8.1-1
2022-06-23 00:50:17 status half-installed readline-common:all 8.1-1
2022-06-23 00:50:17 status unpacked readline-common:all 8.1-1
2022-06-23 00:50:17 install libreadline8:amd64 <none> 8.1-1
2022-06-23 00:50:17 status triggers-pending libc-bin:amd64 2.31-13+deb11u3
2022-06-23 00:50:17 status half-installed libreadline8:amd64 8.1-1
2022-06-23 00:50:17 status unpacked libreadline8:amd64 8.1-1
2022-06-23 00:50:17 install libassuan0:amd64 <none> 2.5.3-7.1
2022-06-23 00:50:17 status half-installed libassuan0:amd64 2.5.3-7.1
2022-06-23 00:50:17 status unpacked libassuan0:amd64 2.5.3-7.1
2022-06-23 00:50:17 install gpgconf:amd64 <none> 2.2.27-2+deb11u1
2022-06-23 00:50:17 status half-installed gpgconf:amd64 2.2.27-2+deb11u1
2022-06-23 00:50:17 status unpacked gpgconf:amd64 2.2.27-2+deb11u1
2022-06-23 00:50:17 install libksba8:amd64 <none> 1.5.0-3
2022-06-23 00:50:17 status half-installed libksba8:amd64 1.5.0-3
2022-06-23 00:50:17 status unpacked libksba8:amd64 1.5.0-3
2022-06-23 00:50:17 install libnpth0:amd64 <none> 1.6-3
2022-06-23 00:50:17 status half-installed libnpth0:amd64 1.6-3
2022-06-23 00:50:17 status unpacked libnpth0:amd64 1.6-3
2022-06-23 00:50:17 install dirmngr:amd64 <none> 2.2.27-2+deb11u1
2022-06-23 00:50:17 status half-installed dirmngr:amd64 2.2.27-2+deb11u1
2022-06-23 00:50:18 status unpacked dirmngr:amd64 2.2.27-2+deb11u1
2022-06-23 00:50:18 install gnupg-l10n:all <none> 2.2.27-2+deb11u1
2022-06-23 00:50:18 status half-installed gnupg-l10n:all 2.2.27-2+deb11u1
2022-06-23 00:50:18 status unpacked gnupg-l10n:all 2.2.27-2+deb11u1
2022-06-23 00:50:18 install gnupg-utils:amd64 <none> 2.2.27-2+deb11u1
2022-06-23 00:50:18 status half-installed gnupg-utils:amd64 2.2.27-2+deb11u1
2022-06-23 00:50:18 status unpacked gnupg-utils:amd64 2.2.27-2+deb11u1
2022-06-23 00:50:18 install libsqlite3-0:amd64 <none> 3.34.1-3
2022-06-23 00:50:18 status half-installed libsqlite3-0:amd64 3.34.1-3
2022-06-23 00:50:18 status unpacked libsqlite3-0:amd64 3.34.1-3
2022-06-23 00:50:18 install gpg:amd64 <none> 2.2.27-2+deb11u1
2022-06-23 00:50:18 status half-installed gpg:amd64 2.2.27-2+deb11u1
2022-06-23 00:50:18 status unpacked gpg:amd64 2.2.27-2+deb11u1
2022-06-23 00:50:18 install libncursesw6:amd64 <none> 6.2+20201114-2
2022-06-23 00:50:18 status half-installed libncursesw6:amd64 6.2+20201114-2
2022-06-23 00:50:18 status unpacked libncursesw6:amd64 6.2+20201114-2
2022-06-23 00:50:18 install pinentry-curses:amd64 <none> 1.1.0-4
2022-06-23 00:50:18 status half-installed pinentry-curses:amd64 1.1.0-4
2022-06-23 00:50:18 status unpacked pinentry-curses:amd64 1.1.0-4
2022-06-23 00:50:18 install gpg-agent:amd64 <none> 2.2.27-2+deb11u1
2022-06-23 00:50:18 status half-installed gpg-agent:amd64 2.2.27-2+deb11u1
2022-06-23 00:50:18 status unpacked gpg-agent:amd64 2.2.27-2+deb11u1
2022-06-23 00:50:18 install gpg-wks-client:amd64 <none> 2.2.27-2+deb11u1
2022-06-23 00:50:18 status half-installed gpg-wks-client:amd64 2.2.27-2+deb11u1
2022-06-23 00:50:18 status unpacked gpg-wks-client:amd64 2.2.27-2+deb11u1
2022-06-23 00:50:18 install gpg-wks-server:amd64 <none> 2.2.27-2+deb11u1
2022-06-23 00:50:18 status half-installed gpg-wks-server:amd64 2.2.27-2+deb11u1
2022-06-23 00:50:18 status unpacked gpg-wks-server:amd64 2.2.27-2+deb11u1
2022-06-23 00:50:18 install gpgsm:amd64 <none> 2.2.27-2+deb11u1
2022-06-23 00:50:18 status half-installed gpgsm:amd64 2.2.27-2+deb11u1
2022-06-23 00:50:18 status unpacked gpgsm:amd64 2.2.27-2+deb11u1
2022-06-23 00:50:18 install gnupg:all <none> 2.2.27-2+deb11u1
2022-06-23 00:50:18 status half-installed gnupg:all 2.2.27-2+deb11u1
2022-06-23 00:50:18 status unpacked gnupg:all 2.2.27-2+deb11u1
2022-06-23 00:50:18 startup packages configure
2022-06-23 00:50:18 configure libksba8:amd64 1.5.0-3 <none>
2022-06-23 00:50:18 status unpacked libksba8:amd64 1.5.0-3
2022-06-23 00:50:18 status half-configured libksba8:amd64 1.5.0-3
2022-06-23 00:50:18 status installed libksba8:amd64 1.5.0-3
2022-06-23 00:50:18 configure libsqlite3-0:amd64 3.34.1-3 <none>
2022-06-23 00:50:18 status unpacked libsqlite3-0:amd64 3.34.1-3
2022-06-23 00:50:18 status half-configured libsqlite3-0:amd64 3.34.1-3
2022-06-23 00:50:18 status installed libsqlite3-0:amd64 3.34.1-3
2022-06-23 00:50:18 configure libnpth0:amd64 1.6-3 <none>
2022-06-23 00:50:18 status unpacked libnpth0:amd64 1.6-3
2022-06-23 00:50:18 status half-configured libnpth0:amd64 1.6-3
2022-06-23 00:50:18 status installed libnpth0:amd64 1.6-3
2022-06-23 00:50:18 configure libassuan0:amd64 2.5.3-7.1 <none>
2022-06-23 00:50:18 status unpacked libassuan0:amd64 2.5.3-7.1
2022-06-23 00:50:18 status half-configured libassuan0:amd64 2.5.3-7.1
2022-06-23 00:50:18 status installed libassuan0:amd64 2.5.3-7.1
2022-06-23 00:50:18 configure gnupg-l10n:all 2.2.27-2+deb11u1 <none>
2022-06-23 00:50:18 status unpacked gnupg-l10n:all 2.2.27-2+deb11u1
2022-06-23 00:50:18 status half-configured gnupg-l10n:all 2.2.27-2+deb11u1
2022-06-23 00:50:18 status installed gnupg-l10n:all 2.2.27-2+deb11u1
2022-06-23 00:50:18 configure libncursesw6:amd64 6.2+20201114-2 <none>
2022-06-23 00:50:18 status unpacked libncursesw6:amd64 6.2+20201114-2
2022-06-23 00:50:18 status half-configured libncursesw6:amd64 6.2+20201114-2
2022-06-23 00:50:18 status installed libncursesw6:amd64 6.2+20201114-2
2022-06-23 00:50:18 configure readline-common:all 8.1-1 <none>
2022-06-23 00:50:18 status unpacked readline-common:all 8.1-1
2022-06-23 00:50:18 status half-configured readline-common:all 8.1-1
2022-06-23 00:50:18 status installed readline-common:all 8.1-1
2022-06-23 00:50:18 configure pinentry-curses:amd64 1.1.0-4 <none>
2022-06-23 00:50:18 status unpacked pinentry-curses:amd64 1.1.0-4
2022-06-23 00:50:18 status half-configured pinentry-curses:amd64 1.1.0-4
2022-06-23 00:50:18 status installed pinentry-curses:amd64 1.1.0-4
2022-06-23 00:50:18 configure libreadline8:amd64 8.1-1 <none>
2022-06-23 00:50:18 status unpacked libreadline8:amd64 8.1-1
2022-06-23 00:50:18 status half-configured libreadline8:amd64 8.1-1
2022-06-23 00:50:18 status installed libreadline8:amd64 8.1-1
2022-06-23 00:50:18 configure gpgconf:amd64 2.2.27-2+deb11u1 <none>
2022-06-23 00:50:18 status unpacked gpgconf:amd64 2.2.27-2+deb11u1
2022-06-23 00:50:18 status half-configured gpgconf:amd64 2.2.27-2+deb11u1
2022-06-23 00:50:18 status installed gpgconf:amd64 2.2.27-2+deb11u1
2022-06-23 00:50:18 configure gpg:amd64 2.2.27-2+deb11u1 <none>
2022-06-23 00:50:18 status unpacked gpg:amd64 2.2.27-2+deb11u1
2022-06-23 00:50:18 status half-configured gpg:amd64 2.2.27-2+deb11u1
2022-06-23 00:50:18 status installed gpg:amd64 2.2.27-2+deb11u1
2022-06-23 00:50:18 configure gnupg-utils:amd64 2.2.27-2+deb11u1 <none>
2022-06-23 00:50:18 status unpacked gnupg-utils:amd64 2.2.27-2+deb11u1
2022-06-23 00:50:18 status half-configured gnupg-utils:amd64 2.2.27-2+deb11u1
2022-06-23 00:50:18 status installed gnupg-utils:amd64 2.2.27-2+deb11u1
2022-06-23 00:50:18 configure gpg-agent:amd64 2.2.27-2+deb11u1 <none>
2022-06-23 00:50:18 status unpacked gpg-agent:amd64 2.2.27-2+deb11u1
2022-06-23 00:50:18 status half-configured gpg-agent:amd64 2.2.27-2+deb11u1
2022-06-23 00:50:19 status installed gpg-agent:amd64 2.2.27-2+deb11u1
2022-06-23 00:50:19 configure gpgsm:amd64 2.2.27-2+deb11u1 <none>
2022-06-23 00:50:19 status unpacked gpgsm:amd64 2.2.27-2+deb11u1
2022-06-23 00:50:19 status half-configured gpgsm:amd64 2.2.27-2+deb11u1
2022-06-23 00:50:19 status installed gpgsm:amd64 2.2.27-2+deb11u1
2022-06-23 00:50:19 configure dirmngr:amd64 2.2.27-2+deb11u1 <none>
2022-06-23 00:50:19 status unpacked dirmngr:amd64 2.2.27-2+deb11u1
2022-06-23 00:50:19 status half-configured dirmngr:amd64 2.2.27-2+deb11u1
2022-06-23 00:50:19 status installed dirmngr:amd64 2.2.27-2+deb11u1
2022-06-23 00:50:19 configure gpg-wks-server:amd64 2.2.27-2+deb11u1 <none>
2022-06-23 00:50:19 status unpacked gpg-wks-server:amd64 2.2.27-2+deb11u1
2022-06-23 00:50:19 status half-configured gpg-wks-server:amd64 2.2.27-2+deb11u1
2022-06-23 00:50:19 status installed gpg-wks-server:amd64 2.2.27-2+deb11u1
2022-06-23 00:50:19 configure gpg-wks-client:amd64 2.2.27-2+deb11u1 <none>
2022-06-23 00:50:19 status unpacked gpg-wks-client:amd64 2.2.27-2+deb11u1
2022-06-23 00:50:19 status half-configured gpg-wks-client:amd64 2.2.27-2+deb11u1
2022-06-23 00:50:19 status installed gpg-wks-client:amd64 2.2.27-2+deb11u1
2022-06-23 00:50:19 configure gnupg:all 2.2.27-2+deb11u1 <none>
2022-06-23 00:50:19 status unpacked gnupg:all 2.2.27-2+deb11u1
2022-06-23 00:50:19 status half-configured gnupg:all 2.2.27-2+deb11u1
2022-06-23 00:50:19 status installed gnupg:all 2.2.27-2+deb11u1
2022-06-23 00:50:19 trigproc libc-bin:amd64 2.31-13+deb11u3 <none>
2022-06-23 00:50:19 status half-configured libc-bin:amd64 2.31-13+deb11u3
2022-06-23 00:50:19 status installed libc-bin:amd64 2.31-13+deb11u3
2022-06-23 00:50:26 startup archives unpack
2022-06-23 00:50:26 install perl-modules-5.32:all <none> 5.32.1-4+deb11u2
2022-06-23 00:50:26 status half-installed perl-modules-5.32:all 5.32.1-4+deb11u2
2022-06-23 00:50:26 status unpacked perl-modules-5.32:all 5.32.1-4+deb11u2
2022-06-23 00:50:26 install libgdbm6:amd64 <none> 1.19-2
2022-06-23 00:50:26 status triggers-pending libc-bin:amd64 2.31-13+deb11u3
2022-06-23 00:50:26 status half-installed libgdbm6:amd64 1.19-2
2022-06-23 00:50:26 status unpacked libgdbm6:amd64 1.19-2
2022-06-23 00:50:26 install libgdbm-compat4:amd64 <none> 1.19-2
2022-06-23 00:50:26 status half-installed libgdbm-compat4:amd64 1.19-2
2022-06-23 00:50:26 status unpacked libgdbm-compat4:amd64 1.19-2
2022-06-23 00:50:26 install libperl5.32:amd64 <none> 5.32.1-4+deb11u2
2022-06-23 00:50:26 status half-installed libperl5.32:amd64 5.32.1-4+deb11u2
2022-06-23 00:50:27 status unpacked libperl5.32:amd64 5.32.1-4+deb11u2
2022-06-23 00:50:27 install perl:amd64 <none> 5.32.1-4+deb11u2
2022-06-23 00:50:27 status half-installed perl:amd64 5.32.1-4+deb11u2
2022-06-23 00:50:27 status unpacked perl:amd64 5.32.1-4+deb11u2
2022-06-23 00:50:27 install libpython3.9-minimal:amd64 <none> 3.9.2-1
2022-06-23 00:50:27 status half-installed libpython3.9-minimal:amd64 3.9.2-1
2022-06-23 00:50:27 status unpacked libpython3.9-minimal:amd64 3.9.2-1
2022-06-23 00:50:27 install libexpat1:amd64 <none> 2.2.10-2+deb11u3
2022-06-23 00:50:27 status half-installed libexpat1:amd64 2.2.10-2+deb11u3
2022-06-23 00:50:27 status unpacked libexpat1:amd64 2.2.10-2+deb11u3
2022-06-23 00:50:27 install python3.9-minimal:amd64 <none> 3.9.2-1
2022-06-23 00:50:27 status half-installed python3.9-minimal:amd64 3.9.2-1
2022-06-23 00:50:27 status unpacked python3.9-minimal:amd64 3.9.2-1
2022-06-23 00:50:27 startup packages configure
2022-06-23 00:50:27 configure libpython3.9-minimal:amd64 3.9.2-1 <none>
2022-06-23 00:50:27 status unpacked libpython3.9-minimal:amd64 3.9.2-1
2022-06-23 00:50:27 status half-configured libpython3.9-minimal:amd64 3.9.2-1
2022-06-23 00:50:27 status installed libpython3.9-minimal:amd64 3.9.2-1
2022-06-23 00:50:27 configure libexpat1:amd64 2.2.10-2+deb11u3 <none>
2022-06-23 00:50:27 status unpacked libexpat1:amd64 2.2.10-2+deb11u3
2022-06-23 00:50:27 status half-configured libexpat1:amd64 2.2.10-2+deb11u3
2022-06-23 00:50:27 status installed libexpat1:amd64 2.2.10-2+deb11u3
2022-06-23 00:50:27 configure python3.9-minimal:amd64 3.9.2-1 <none>
2022-06-23 00:50:27 status unpacked python3.9-minimal:amd64 3.9.2-1
2022-06-23 00:50:27 status half-configured python3.9-minimal:amd64 3.9.2-1
2022-06-23 00:50:28 status installed python3.9-minimal:amd64 3.9.2-1
2022-06-23 00:50:28 startup archives unpack
2022-06-23 00:50:28 install python3-minimal:amd64 <none> 3.9.2-3
2022-06-23 00:50:28 status half-installed python3-minimal:amd64 3.9.2-3
2022-06-23 00:50:28 status unpacked python3-minimal:amd64 3.9.2-3
2022-06-23 00:50:28 install media-types:all <none> 4.0.0
2022-06-23 00:50:28 status half-installed media-types:all 4.0.0
2022-06-23 00:50:28 status unpacked media-types:all 4.0.0
2022-06-23 00:50:28 install libmpdec3:amd64 <none> 2.5.1-1
2022-06-23 00:50:28 status half-installed libmpdec3:amd64 2.5.1-1
2022-06-23 00:50:28 status unpacked libmpdec3:amd64 2.5.1-1
2022-06-23 00:50:28 install libpython3.9-stdlib:amd64 <none> 3.9.2-1
2022-06-23 00:50:28 status half-installed libpython3.9-stdlib:amd64 3.9.2-1
2022-06-23 00:50:28 status unpacked libpython3.9-stdlib:amd64 3.9.2-1
2022-06-23 00:50:28 install python3.9:amd64 <none> 3.9.2-1
2022-06-23 00:50:28 status half-installed python3.9:amd64 3.9.2-1
2022-06-23 00:50:28 status unpacked python3.9:amd64 3.9.2-1
2022-06-23 00:50:28 install libpython3-stdlib:amd64 <none> 3.9.2-3
2022-06-23 00:50:28 status half-installed libpython3-stdlib:amd64 3.9.2-3
2022-06-23 00:50:28 status unpacked libpython3-stdlib:amd64 3.9.2-3
2022-06-23 00:50:28 startup packages configure
2022-06-23 00:50:28 configure python3-minimal:amd64 3.9.2-3 <none>
2022-06-23 00:50:28 status unpacked python3-minimal:amd64 3.9.2-3
2022-06-23 00:50:28 status half-configured python3-minimal:amd64 3.9.2-3
2022-06-23 00:50:28 status installed python3-minimal:amd64 3.9.2-3
2022-06-23 00:50:28 startup archives unpack
2022-06-23 00:50:28 install python3:amd64 <none> 3.9.2-3
2022-06-23 00:50:28 status half-installed python3:amd64 3.9.2-3
2022-06-23 00:50:28 status unpacked python3:amd64 3.9.2-3
2022-06-23 00:50:28 install libncurses6:amd64 <none> 6.2+20201114-2
2022-06-23 00:50:28 status half-installed libncurses6:amd64 6.2+20201114-2
2022-06-23 00:50:28 status unpacked libncurses6:amd64 6.2+20201114-2
2022-06-23 00:50:28 install libprocps8:amd64 <none> 2:3.3.17-5
2022-06-23 00:50:28 status half-installed libprocps8:amd64 2:3.3.17-5
2022-06-23 00:50:28 status unpacked libprocps8:amd64 2:3.3.17-5
2022-06-23 00:50:28 install procps:amd64 <none> 2:3.3.17-5
2022-06-23 00:50:28 status half-installed procps:amd64 2:3.3.17-5
2022-06-23 00:50:28 status unpacked procps:amd64 2:3.3.17-5
2022-06-23 00:50:29 install sensible-utils:all <none> 0.0.14
2022-06-23 00:50:29 status half-installed sensible-utils:all 0.0.14
2022-06-23 00:50:29 status unpacked sensible-utils:all 0.0.14
2022-06-23 00:50:29 install libmd0:amd64 <none> 1.0.3-3
2022-06-23 00:50:29 status half-installed libmd0:amd64 1.0.3-3
2022-06-23 00:50:29 status unpacked libmd0:amd64 1.0.3-3
2022-06-23 00:50:29 install libbsd0:amd64 <none> 0.11.3-1
2022-06-23 00:50:29 status half-installed libbsd0:amd64 0.11.3-1
2022-06-23 00:50:29 status unpacked libbsd0:amd64 0.11.3-1
2022-06-23 00:50:29 install libedit2:amd64 <none> 3.1-20191231-2+b1
2022-06-23 00:50:29 status half-installed libedit2:amd64 3.1-20191231-2+b1
2022-06-23 00:50:29 status unpacked libedit2:amd64 3.1-20191231-2+b1
2022-06-23 00:50:29 install libcbor0:amd64 <none> 0.5.0+dfsg-2
2022-06-23 00:50:29 status half-installed libcbor0:amd64 0.5.0+dfsg-2
2022-06-23 00:50:29 status unpacked libcbor0:amd64 0.5.0+dfsg-2
2022-06-23 00:50:29 install libfido2-1:amd64 <none> 1.6.0-2
2022-06-23 00:50:29 status half-installed libfido2-1:amd64 1.6.0-2
2022-06-23 00:50:29 status unpacked libfido2-1:amd64 1.6.0-2
2022-06-23 00:50:29 install openssh-client:amd64 <none> 1:8.4p1-5
2022-06-23 00:50:29 status half-installed openssh-client:amd64 1:8.4p1-5
2022-06-23 00:50:29 status unpacked openssh-client:amd64 1:8.4p1-5
2022-06-23 00:50:29 install ucf:all <none> 3.0043
2022-06-23 00:50:29 status half-installed ucf:all 3.0043
2022-06-23 00:50:29 status unpacked ucf:all 3.0043
2022-06-23 00:50:29 install libcurl3-gnutls:amd64 <none> 7.74.0-1.3+deb11u1
2022-06-23 00:50:29 status half-installed libcurl3-gnutls:amd64 7.74.0-1.3+deb11u1
2022-06-23 00:50:29 status unpacked libcurl3-gnutls:amd64 7.74.0-1.3+deb11u1
2022-06-23 00:50:29 install liberror-perl:all <none> 0.17029-1
2022-06-23 00:50:29 status half-installed liberror-perl:all 0.17029-1
2022-06-23 00:50:29 status unpacked liberror-perl:all 0.17029-1
2022-06-23 00:50:29 install git-man:all <none> 1:2.30.2-1
2022-06-23 00:50:29 status half-installed git-man:all 1:2.30.2-1
2022-06-23 00:50:29 status unpacked git-man:all 1:2.30.2-1
2022-06-23 00:50:29 install git:amd64 <none> 1:2.30.2-1
2022-06-23 00:50:29 status half-installed git:amd64 1:2.30.2-1
2022-06-23 00:50:30 status unpacked git:amd64 1:2.30.2-1
2022-06-23 00:50:30 install libapr1:amd64 <none> 1.7.0-6+deb11u1
2022-06-23 00:50:30 status half-installed libapr1:amd64 1.7.0-6+deb11u1
2022-06-23 00:50:30 status unpacked libapr1:amd64 1.7.0-6+deb11u1
2022-06-23 00:50:30 install libaprutil1:amd64 <none> 1.6.1-5
2022-06-23 00:50:30 status half-installed libaprutil1:amd64 1.6.1-5
2022-06-23 00:50:30 status unpacked libaprutil1:amd64 1.6.1-5
2022-06-23 00:50:30 install libserf-1-1:amd64 <none> 1.3.9-10
2022-06-23 00:50:30 status half-installed libserf-1-1:amd64 1.3.9-10
2022-06-23 00:50:30 status unpacked libserf-1-1:amd64 1.3.9-10
2022-06-23 00:50:30 install libutf8proc2:amd64 <none> 2.5.0-1
2022-06-23 00:50:30 status half-installed libutf8proc2:amd64 2.5.0-1
2022-06-23 00:50:30 status unpacked libutf8proc2:amd64 2.5.0-1
2022-06-23 00:50:30 install libsvn1:amd64 <none> 1.14.1-3+deb11u1
2022-06-23 00:50:30 status half-installed libsvn1:amd64 1.14.1-3+deb11u1
2022-06-23 00:50:30 status unpacked libsvn1:amd64 1.14.1-3+deb11u1
2022-06-23 00:50:30 install mercurial-common:all <none> 5.6.1-4
2022-06-23 00:50:30 status half-installed mercurial-common:all 5.6.1-4
2022-06-23 00:50:30 status unpacked mercurial-common:all 5.6.1-4
2022-06-23 00:50:30 install mercurial:amd64 <none> 5.6.1-4
2022-06-23 00:50:30 status half-installed mercurial:amd64 5.6.1-4
2022-06-23 00:50:30 status unpacked mercurial:amd64 5.6.1-4
2022-06-23 00:50:30 install subversion:amd64 <none> 1.14.1-3+deb11u1
2022-06-23 00:50:30 status half-installed subversion:amd64 1.14.1-3+deb11u1
2022-06-23 00:50:30 status unpacked subversion:amd64 1.14.1-3+deb11u1
2022-06-23 00:50:30 startup packages configure
2022-06-23 00:50:30 configure media-types:all 4.0.0 <none>
2022-06-23 00:50:30 status unpacked media-types:all 4.0.0
2022-06-23 00:50:30 status half-configured media-types:all 4.0.0
2022-06-23 00:50:30 status installed media-types:all 4.0.0
2022-06-23 00:50:31 configure perl-modules-5.32:all 5.32.1-4+deb11u2 <none>
2022-06-23 00:50:31 status unpacked perl-modules-5.32:all 5.32.1-4+deb11u2
2022-06-23 00:50:31 status half-configured perl-modules-5.32:all 5.32.1-4+deb11u2
2022-06-23 00:50:31 status installed perl-modules-5.32:all 5.32.1-4+deb11u2
2022-06-23 00:50:31 configure libutf8proc2:amd64 2.5.0-1 <none>
2022-06-23 00:50:31 status unpacked libutf8proc2:amd64 2.5.0-1
2022-06-23 00:50:31 status half-configured libutf8proc2:amd64 2.5.0-1
2022-06-23 00:50:31 status installed libutf8proc2:amd64 2.5.0-1
2022-06-23 00:50:31 configure libcbor0:amd64 0.5.0+dfsg-2 <none>
2022-06-23 00:50:31 status unpacked libcbor0:amd64 0.5.0+dfsg-2
2022-06-23 00:50:31 status half-configured libcbor0:amd64 0.5.0+dfsg-2
2022-06-23 00:50:31 status installed libcbor0:amd64 0.5.0+dfsg-2
2022-06-23 00:50:31 configure libapr1:amd64 1.7.0-6+deb11u1 <none>
2022-06-23 00:50:31 status unpacked libapr1:amd64 1.7.0-6+deb11u1
2022-06-23 00:50:31 status half-configured libapr1:amd64 1.7.0-6+deb11u1
2022-06-23 00:50:31 status installed libapr1:amd64 1.7.0-6+deb11u1
2022-06-23 00:50:31 configure libcurl3-gnutls:amd64 7.74.0-1.3+deb11u1 <none>
2022-06-23 00:50:31 status unpacked libcurl3-gnutls:amd64 7.74.0-1.3+deb11u1
2022-06-23 00:50:31 status half-configured libcurl3-gnutls:amd64 7.74.0-1.3+deb11u1
2022-06-23 00:50:31 status installed libcurl3-gnutls:amd64 7.74.0-1.3+deb11u1
2022-06-23 00:50:31 configure libncurses6:amd64 6.2+20201114-2 <none>
2022-06-23 00:50:31 status unpacked libncurses6:amd64 6.2+20201114-2
2022-06-23 00:50:31 status half-configured libncurses6:amd64 6.2+20201114-2
2022-06-23 00:50:31 status installed libncurses6:amd64 6.2+20201114-2
2022-06-23 00:50:31 configure libmd0:amd64 1.0.3-3 <none>
2022-06-23 00:50:31 status unpacked libmd0:amd64 1.0.3-3
2022-06-23 00:50:31 status half-configured libmd0:amd64 1.0.3-3
2022-06-23 00:50:31 status installed libmd0:amd64 1.0.3-3
2022-06-23 00:50:31 configure sensible-utils:all 0.0.14 <none>
2022-06-23 00:50:31 status unpacked sensible-utils:all 0.0.14
2022-06-23 00:50:31 status half-configured sensible-utils:all 0.0.14
2022-06-23 00:50:31 status installed sensible-utils:all 0.0.14
2022-06-23 00:50:31 configure libmpdec3:amd64 2.5.1-1 <none>
2022-06-23 00:50:31 status unpacked libmpdec3:amd64 2.5.1-1
2022-06-23 00:50:31 status half-configured libmpdec3:amd64 2.5.1-1
2022-06-23 00:50:31 status installed libmpdec3:amd64 2.5.1-1
2022-06-23 00:50:31 configure git-man:all 1:2.30.2-1 <none>
2022-06-23 00:50:31 status unpacked git-man:all 1:2.30.2-1
2022-06-23 00:50:31 status half-configured git-man:all 1:2.30.2-1
2022-06-23 00:50:31 status installed git-man:all 1:2.30.2-1
2022-06-23 00:50:31 configure libfido2-1:amd64 1.6.0-2 <none>
2022-06-23 00:50:31 status unpacked libfido2-1:amd64 1.6.0-2
2022-06-23 00:50:31 status half-configured libfido2-1:amd64 1.6.0-2
2022-06-23 00:50:31 status installed libfido2-1:amd64 1.6.0-2
2022-06-23 00:50:31 configure libbsd0:amd64 0.11.3-1 <none>
2022-06-23 00:50:31 status unpacked libbsd0:amd64 0.11.3-1
2022-06-23 00:50:31 status half-configured libbsd0:amd64 0.11.3-1
2022-06-23 00:50:31 status installed libbsd0:amd64 0.11.3-1
2022-06-23 00:50:31 configure libprocps8:amd64 2:3.3.17-5 <none>
2022-06-23 00:50:31 status unpacked libprocps8:amd64 2:3.3.17-5
2022-06-23 00:50:31 status half-configured libprocps8:amd64 2:3.3.17-5
2022-06-23 00:50:31 status installed libprocps8:amd64 2:3.3.17-5
2022-06-23 00:50:31 configure libpython3.9-stdlib:amd64 3.9.2-1 <none>
2022-06-23 00:50:31 status unpacked libpython3.9-stdlib:amd64 3.9.2-1
2022-06-23 00:50:31 status half-configured libpython3.9-stdlib:amd64 3.9.2-1
2022-06-23 00:50:31 status installed libpython3.9-stdlib:amd64 3.9.2-1
2022-06-23 00:50:31 configure libpython3-stdlib:amd64 3.9.2-3 <none>
2022-06-23 00:50:31 status unpacked libpython3-stdlib:amd64 3.9.2-3
2022-06-23 00:50:31 status half-configured libpython3-stdlib:amd64 3.9.2-3
2022-06-23 00:50:31 status installed libpython3-stdlib:amd64 3.9.2-3
2022-06-23 00:50:31 configure libgdbm6:amd64 1.19-2 <none>
2022-06-23 00:50:31 status unpacked libgdbm6:amd64 1.19-2
2022-06-23 00:50:31 status half-configured libgdbm6:amd64 1.19-2
2022-06-23 00:50:31 status installed libgdbm6:amd64 1.19-2
2022-06-23 00:50:31 configure libaprutil1:amd64 1.6.1-5 <none>
2022-06-23 00:50:31 status unpacked libaprutil1:amd64 1.6.1-5
2022-06-23 00:50:31 status half-configured libaprutil1:amd64 1.6.1-5
2022-06-23 00:50:31 status installed libaprutil1:amd64 1.6.1-5
2022-06-23 00:50:31 configure libedit2:amd64 3.1-20191231-2+b1 <none>
2022-06-23 00:50:31 status unpacked libedit2:amd64 3.1-20191231-2+b1
2022-06-23 00:50:31 status half-configured libedit2:amd64 3.1-20191231-2+b1
2022-06-23 00:50:31 status installed libedit2:amd64 3.1-20191231-2+b1
2022-06-23 00:50:31 configure libserf-1-1:amd64 1.3.9-10 <none>
2022-06-23 00:50:31 status unpacked libserf-1-1:amd64 1.3.9-10
2022-06-23 00:50:31 status half-configured libserf-1-1:amd64 1.3.9-10
2022-06-23 00:50:31 status installed libserf-1-1:amd64 1.3.9-10
2022-06-23 00:50:31 configure libgdbm-compat4:amd64 1.19-2 <none>
2022-06-23 00:50:31 status unpacked libgdbm-compat4:amd64 1.19-2
2022-06-23 00:50:31 status half-configured libgdbm-compat4:amd64 1.19-2
2022-06-23 00:50:31 status installed libgdbm-compat4:amd64 1.19-2
2022-06-23 00:50:31 configure ucf:all 3.0043 <none>
2022-06-23 00:50:31 status unpacked ucf:all 3.0043
2022-06-23 00:50:31 status half-configured ucf:all 3.0043
2022-06-23 00:50:31 status installed ucf:all 3.0043
2022-06-23 00:50:31 configure libperl5.32:amd64 5.32.1-4+deb11u2 <none>
2022-06-23 00:50:31 status unpacked libperl5.32:amd64 5.32.1-4+deb11u2
2022-06-23 00:50:31 status half-configured libperl5.32:amd64 5.32.1-4+deb11u2
2022-06-23 00:50:31 status installed libperl5.32:amd64 5.32.1-4+deb11u2
2022-06-23 00:50:31 configure procps:amd64 2:3.3.17-5 <none>
2022-06-23 00:50:31 status unpacked procps:amd64 2:3.3.17-5
2022-06-23 00:50:31 status half-configured procps:amd64 2:3.3.17-5
2022-06-23 00:50:31 status installed procps:amd64 2:3.3.17-5
2022-06-23 00:50:31 configure libsvn1:amd64 1.14.1-3+deb11u1 <none>
2022-06-23 00:50:31 status unpacked libsvn1:amd64 1.14.1-3+deb11u1
2022-06-23 00:50:31 status half-configured libsvn1:amd64 1.14.1-3+deb11u1
2022-06-23 00:50:31 status installed libsvn1:amd64 1.14.1-3+deb11u1
2022-06-23 00:50:31 configure python3.9:amd64 3.9.2-1 <none>
2022-06-23 00:50:31 status unpacked python3.9:amd64 3.9.2-1
2022-06-23 00:50:31 status half-configured python3.9:amd64 3.9.2-1
2022-06-23 00:50:31 status installed python3.9:amd64 3.9.2-1
2022-06-23 00:50:31 configure openssh-client:amd64 1:8.4p1-5 <none>
2022-06-23 00:50:31 status unpacked openssh-client:amd64 1:8.4p1-5
2022-06-23 00:50:31 status half-configured openssh-client:amd64 1:8.4p1-5
2022-06-23 00:50:32 status installed openssh-client:amd64 1:8.4p1-5
2022-06-23 00:50:32 configure subversion:amd64 1.14.1-3+deb11u1 <none>
2022-06-23 00:50:32 status unpacked subversion:amd64 1.14.1-3+deb11u1
2022-06-23 00:50:32 status half-configured subversion:amd64 1.14.1-3+deb11u1
2022-06-23 00:50:32 status installed subversion:amd64 1.14.1-3+deb11u1
2022-06-23 00:50:32 configure python3:amd64 3.9.2-3 <none>
2022-06-23 00:50:32 status unpacked python3:amd64 3.9.2-3
2022-06-23 00:50:32 status half-configured python3:amd64 3.9.2-3
2022-06-23 00:50:32 status installed python3:amd64 3.9.2-3
2022-06-23 00:50:32 configure perl:amd64 5.32.1-4+deb11u2 <none>
2022-06-23 00:50:32 status unpacked perl:amd64 5.32.1-4+deb11u2
2022-06-23 00:50:32 status half-configured perl:amd64 5.32.1-4+deb11u2
2022-06-23 00:50:32 status installed perl:amd64 5.32.1-4+deb11u2
2022-06-23 00:50:32 configure mercurial-common:all 5.6.1-4 <none>
2022-06-23 00:50:32 status unpacked mercurial-common:all 5.6.1-4
2022-06-23 00:50:32 status half-configured mercurial-common:all 5.6.1-4
2022-06-23 00:50:33 status installed mercurial-common:all 5.6.1-4
2022-06-23 00:50:33 configure liberror-perl:all 0.17029-1 <none>
2022-06-23 00:50:33 status unpacked liberror-perl:all 0.17029-1
2022-06-23 00:50:33 status half-configured liberror-perl:all 0.17029-1
2022-06-23 00:50:33 status installed liberror-perl:all 0.17029-1
2022-06-23 00:50:33 configure git:amd64 1:2.30.2-1 <none>
2022-06-23 00:50:33 status unpacked git:amd64 1:2.30.2-1
2022-06-23 00:50:33 status half-configured git:amd64 1:2.30.2-1
2022-06-23 00:50:33 status installed git:amd64 1:2.30.2-1
2022-06-23 00:50:33 configure mercurial:amd64 5.6.1-4 <none>
2022-06-23 00:50:33 status unpacked mercurial:amd64 5.6.1-4
2022-06-23 00:50:33 status half-configured mercurial:amd64 5.6.1-4
2022-06-23 00:50:33 status installed mercurial:amd64 5.6.1-4
2022-06-23 00:50:33 trigproc libc-bin:amd64 2.31-13+deb11u3 <none>
2022-06-23 00:50:33 status half-configured libc-bin:amd64 2.31-13+deb11u3
2022-06-23 00:50:33 status installed libc-bin:amd64 2.31-13+deb11u3
