{"log":"2022-07-03 22:24:21+00:00 [Note] [Entrypoint]: Entrypoint script for MySQL Server 5.7.38-1debian10 started.\n","stream":"stdout","time":"2022-07-03T22:24:21.567705353Z"}
{"log":"2022-07-03 22:24:21+00:00 [Note] [Entrypoint]: Switching to dedicated user 'mysql'\n","stream":"stdout","time":"2022-07-03T22:24:21.614623729Z"}
{"log":"2022-07-03 22:24:21+00:00 [Note] [Entrypoint]: Entrypoint script for MySQL Server 5.7.38-1debian10 started.\n","stream":"stdout","time":"2022-07-03T22:24:21.627480878Z"}
{"log":"2022-07-03T22:24:21.873215Z 0 [Warning] TIMESTAMP with implicit DEFAULT value is deprecated. Please use --explicit_defaults_for_timestamp server option (see documentation for more details).\n","stream":"stderr","time":"2022-07-03T22:24:21.879417619Z"}
{"log":"2022-07-03T22:24:21.874312Z 0 [Note] mysqld (mysqld 5.7.38) starting as process 1 ...\n","stream":"stderr","time":"2022-07-03T22:24:21.879438259Z"}
{"log":"2022-07-03T22:24:21.876246Z 0 [Note] InnoDB: PUNCH HOLE support available\n","stream":"stderr","time":"2022-07-03T22:24:21.879441525Z"}
{"log":"2022-07-03T22:24:21.876256Z 0 [Note] InnoDB: Mutexes and rw_locks use GCC atomic builtins\n","stream":"stderr","time":"2022-07-03T22:24:21.879445062Z"}
{"log":"2022-07-03T22:24:21.876259Z 0 [Note] InnoDB: Uses event mutexes\n","stream":"stderr","time":"2022-07-03T22:24:21.879447847Z"}
{"log":"2022-07-03T22:24:21.876261Z 0 [Note] InnoDB: GCC builtin __atomic_thread_fence() is used for memory barrier\n","stream":"stderr","time":"2022-07-03T22:24:21.879450502Z"}
{"log":"2022-07-03T22:24:21.876264Z 0 [Note] InnoDB: Compressed tables use zlib 1.2.11\n","stream":"stderr","time":"2022-07-03T22:24:21.879453348Z"}
{"log":"2022-07-03T22:24:21.876266Z 0 [Note] InnoDB: Using Linux native AIO\n","stream":"stderr","time":"2022-07-03T22:24:21.879456063Z"}
{"log":"2022-07-03T22:24:21.876406Z 0 [Note] InnoDB: Number of pools: 1\n","stream":"stderr","time":"2022-07-03T22:24:21.879458698Z"}
{"log":"2022-07-03T22:24:21.876500Z 0 [Note] InnoDB: Using CPU crc32 instructions\n","stream":"stderr","time":"2022-07-03T22:24:21.879461303Z"}
{"log":"2022-07-03T22:24:21.877610Z 0 [Note] InnoDB: Initializing buffer pool, total size = 128M, instances = 1, chunk size = 128M\n","stream":"stderr","time":"2022-07-03T22:24:21.879463948Z"}
{"log":"2022-07-03T22:24:21.884470Z 0 [Note] InnoDB: Completed initialization of buffer pool\n","stream":"stderr","time":"2022-07-03T22:24:21.885956639Z"}
{"log":"2022-07-03T22:24:21.886526Z 0 [Note] InnoDB: If the mysqld execution user is authorized, page cleaner thread priority can be changed. See the man page of setpriority().\n","stream":"stderr","time":"2022-07-03T22:24:21.886760584Z"}
{"log":"2022-07-03T22:24:21.898069Z 0 [Note] InnoDB: Highest supported file format is Barracuda.\n","stream":"stderr","time":"2022-07-03T22:24:21.898984132Z"}
{"log":"2022-07-03T22:24:21.921300Z 0 [Note] InnoDB: Creating shared tablespace for temporary tables\n","stream":"stderr","time":"2022-07-03T22:24:21.928865202Z"}
{"log":"2022-07-03T22:24:21.921424Z 0 [Note] InnoDB: Setting file './ibtmp1' size to 12 MB. Physically writing the file full; Please wait ...\n","stream":"stderr","time":"2022-07-03T22:24:21.928886162Z"}
{"log":"2022-07-03T22:24:22.044185Z 0 [Note] InnoDB: File './ibtmp1' size is now 12 MB.\n","stream":"stderr","time":"2022-07-03T22:24:22.045404602Z"}
{"log":"2022-07-03T22:24:22.044610Z 0 [Note] InnoDB: 96 redo rollback segment(s) found. 96 redo rollback segment(s) are active.\n","stream":"stderr","time":"2022-07-03T22:24:22.045419791Z"}
{"log":"2022-07-03T22:24:22.044629Z 0 [Note] InnoDB: 32 non-redo rollback segment(s) are active.\n","stream":"stderr","time":"2022-07-03T22:24:22.045423258Z"}
{"log":"2022-07-03T22:24:22.045062Z 0 [Note] InnoDB: Waiting for purge to start\n","stream":"stderr","time":"2022-07-03T22:24:22.045426124Z"}
{"log":"2022-07-03T22:24:22.095212Z 0 [Note] InnoDB: 5.7.38 started; log sequence number 12660487\n","stream":"stderr","time":"2022-07-03T22:24:22.099043684Z"}
{"log":"2022-07-03T22:24:22.095540Z 0 [Note] Plugin 'FEDERATED' is disabled.\n","stream":"stderr","time":"2022-07-03T22:24:22.09907286Z"}
{"log":"2022-07-03T22:24:22.098599Z 0 [Note] Found ca.pem, server-cert.pem and server-key.pem in data directory. Trying to enable SSL support using them.\n","stream":"stderr","time":"2022-07-03T22:24:22.099094021Z"}
{"log":"2022-07-03T22:24:22.098609Z 0 [Note] Skipping generation of SSL certificates as certificate files are present in data directory.\n","stream":"stderr","time":"2022-07-03T22:24:22.099096926Z"}
{"log":"2022-07-03T22:24:22.098612Z 0 [Warning] A deprecated TLS version TLSv1 is enabled. Please use TLSv1.2 or higher.\n","stream":"stderr","time":"2022-07-03T22:24:22.099099651Z"}
{"log":"2022-07-03T22:24:22.098614Z 0 [Warning] A deprecated TLS version TLSv1.1 is enabled. Please use TLSv1.2 or higher.\n","stream":"stderr","time":"2022-07-03T22:24:22.099102196Z"}
{"log":"2022-07-03T22:24:22.100357Z 0 [Warning] CA certificate ca.pem is self signed.\n","stream":"stderr","time":"2022-07-03T22:24:22.102721274Z"}
{"log":"2022-07-03T22:24:22.100381Z 0 [Note] Skipping generation of RSA key pair as key files are present in data directory.\n","stream":"stderr","time":"2022-07-03T22:24:22.102894123Z"}
{"log":"2022-07-03T22:24:22.100747Z 0 [Note] Server hostname (bind-address): '*'; port: 3306\n","stream":"stderr","time":"2022-07-03T22:24:22.102899404Z"}
{"log":"2022-07-03T22:24:22.101100Z 0 [Note] IPv6 is available.\n","stream":"stderr","time":"2022-07-03T22:24:22.102902359Z"}
{"log":"2022-07-03T22:24:22.101107Z 0 [Note]   - '::' resolves to '::';\n","stream":"stderr","time":"2022-07-03T22:24:22.102904824Z"}
{"log":"2022-07-03T22:24:22.101122Z 0 [Note] Server socket created on IP: '::'.\n","stream":"stderr","time":"2022-07-03T22:24:22.102907349Z"}
{"log":"2022-07-03T22:24:22.101543Z 0 [Note] InnoDB: Loading buffer pool(s) from /var/lib/mysql/ib_buffer_pool\n","stream":"stderr","time":"2022-07-03T22:24:22.102909853Z"}
{"log":"2022-07-03T22:24:22.102543Z 0 [Note] InnoDB: Buffer pool(s) load completed at 220703 22:24:22\n","stream":"stderr","time":"2022-07-03T22:24:22.102912368Z"}
{"log":"2022-07-03T22:24:22.105957Z 0 [Warning] Insecure configuration for --pid-file: Location '/var/run/mysqld' in the path is accessible to all OS users. Consider choosing a different directory.\n","stream":"stderr","time":"2022-07-03T22:24:22.10758723Z"}
{"log":"2022-07-03T22:24:22.222699Z 0 [Note] Event Scheduler: Loaded 0 events\n","stream":"stderr","time":"2022-07-03T22:24:22.223342265Z"}
{"log":"2022-07-03T22:24:22.223023Z 0 [Note] mysqld: ready for connections.\n","stream":"stderr","time":"2022-07-03T22:24:22.223367363Z"}
{"log":"Version: '5.7.38'  socket: '/var/run/mysqld/mysqld.sock'  port: 3306  MySQL Community Server (GPL)\n","stream":"stderr","time":"2022-07-03T22:24:22.223370559Z"}
{"log":"2022-07-03T22:41:20.078835Z 0 [Note] Giving 0 client threads a chance to die gracefully\n","stream":"stderr","time":"2022-07-03T22:41:20.097070119Z"}
{"log":"2022-07-03T22:41:20.079161Z 0 [Note] Shutting down slave threads\n","stream":"stderr","time":"2022-07-03T22:41:20.09710757Z"}
{"log":"2022-07-03T22:41:20.079165Z 0 [Note] Forcefully disconnecting 0 remaining clients\n","stream":"stderr","time":"2022-07-03T22:41:20.097112359Z"}
{"log":"2022-07-03T22:41:20.079171Z 0 [Note] Event Scheduler: Purging the queue. 0 events\n","stream":"stderr","time":"2022-07-03T22:41:20.097116127Z"}
{"log":"2022-07-03T22:41:20.079214Z 0 [Note] Binlog end\n","stream":"stderr","time":"2022-07-03T22:41:20.097119834Z"}
{"log":"2022-07-03T22:41:20.079637Z 0 [Note] Shutting down plugin 'ngram'\n","stream":"stderr","time":"2022-07-03T22:41:20.097123411Z"}
{"log":"2022-07-03T22:41:20.079645Z 0 [Note] Shutting down plugin 'partition'\n","stream":"stderr","time":"2022-07-03T22:41:20.097127348Z"}
{"log":"2022-07-03T22:41:20.079648Z 0 [Note] Shutting down plugin 'BLACKHOLE'\n","stream":"stderr","time":"2022-07-03T22:41:20.097130835Z"}
{"log":"2022-07-03T22:41:20.079651Z 0 [Note] Shutting down plugin 'ARCHIVE'\n","stream":"stderr","time":"2022-07-03T22:41:20.097134752Z"}
{"log":"2022-07-03T22:41:20.079653Z 0 [Note] Shutting down plugin 'PERFORMANCE_SCHEMA'\n","stream":"stderr","time":"2022-07-03T22:41:20.097138359Z"}
{"log":"2022-07-03T22:41:20.079683Z 0 [Note] Shutting down plugin 'MRG_MYISAM'\n","stream":"stderr","time":"2022-07-03T22:41:20.097155873Z"}
{"log":"2022-07-03T22:41:20.079686Z 0 [Note] Shutting down plugin 'MyISAM'\n","stream":"stderr","time":"2022-07-03T22:41:20.097159509Z"}
{"log":"2022-07-03T22:41:20.079693Z 0 [Note] Shutting down plugin 'INNODB_SYS_VIRTUAL'\n","stream":"stderr","time":"2022-07-03T22:41:20.097162796Z"}
{"log":"2022-07-03T22:41:20.079695Z 0 [Note] Shutting down plugin 'INNODB_SYS_DATAFILES'\n","stream":"stderr","time":"2022-07-03T22:41:20.097166052Z"}
{"log":"2022-07-03T22:41:20.079698Z 0 [Note] Shutting down plugin 'INNODB_SYS_TABLESPACES'\n","stream":"stderr","time":"2022-07-03T22:41:20.097169489Z"}
{"log":"2022-07-03T22:41:20.079700Z 0 [Note] Shutting down plugin 'INNODB_SYS_FOREIGN_COLS'\n","stream":"stderr","time":"2022-07-03T22:41:20.097172645Z"}
{"log":"2022-07-03T22:41:20.079702Z 0 [Note] Shutting down plugin 'INNODB_SYS_FOREIGN'\n","stream":"stderr","time":"2022-07-03T22:41:20.0971757Z"}
{"log":"2022-07-03T22:41:20.079704Z 0 [Note] Shutting down plugin 'INNODB_SYS_FIELDS'\n","stream":"stderr","time":"2022-07-03T22:41:20.097178736Z"}
{"log":"2022-07-03T22:41:20.079706Z 0 [Note] Shutting down plugin 'INNODB_SYS_COLUMNS'\n","stream":"stderr","time":"2022-07-03T22:41:20.097181722Z"}
{"log":"2022-07-03T22:41:20.079707Z 0 [Note] Shutting down plugin 'INNODB_SYS_INDEXES'\n","stream":"stderr","time":"2022-07-03T22:41:20.097184728Z"}
{"log":"2022-07-03T22:41:20.079709Z 0 [Note] Shutting down plugin 'INNODB_SYS_TABLESTATS'\n","stream":"stderr","time":"2022-07-03T22:41:20.097187924Z"}
{"log":"2022-07-03T22:41:20.079711Z 0 [Note] Shutting down plugin 'INNODB_SYS_TABLES'\n","stream":"stderr","time":"2022-07-03T22:41:20.09719112Z"}
{"log":"2022-07-03T22:41:20.079713Z 0 [Note] Shutting down plugin 'INNODB_FT_INDEX_TABLE'\n","stream":"stderr","time":"2022-07-03T22:41:20.097194717Z"}
{"log":"2022-07-03T22:41:20.079715Z 0 [Note] Shutting down plugin 'INNODB_FT_INDEX_CACHE'\n","stream":"stderr","time":"2022-07-03T22:41:20.097197943Z"}
{"log":"2022-07-03T22:41:20.079717Z 0 [Note] Shutting down plugin 'INNODB_FT_CONFIG'\n","stream":"stderr","time":"2022-07-03T22:41:20.097201279Z"}
{"log":"2022-07-03T22:41:20.079718Z 0 [Note] Shutting down plugin 'INNODB_FT_BEING_DELETED'\n","stream":"stderr","time":"2022-07-03T22:41:20.097204455Z"}
{"log":"2022-07-03T22:41:20.079720Z 0 [Note] Shutting down plugin 'INNODB_FT_DELETED'\n","stream":"stderr","time":"2022-07-03T22:41:20.097208924Z"}
{"log":"2022-07-03T22:41:20.079722Z 0 [Note] Shutting down plugin 'INNODB_FT_DEFAULT_STOPWORD'\n","stream":"stderr","time":"2022-07-03T22:41:20.09721231Z"}
{"log":"2022-07-03T22:41:20.079724Z 0 [Note] Shutting down plugin 'INNODB_METRICS'\n","stream":"stderr","time":"2022-07-03T22:41:20.097215647Z"}
{"log":"2022-07-03T22:41:20.079726Z 0 [Note] Shutting down plugin 'INNODB_TEMP_TABLE_INFO'\n","stream":"stderr","time":"2022-07-03T22:41:20.097219033Z"}
{"log":"2022-07-03T22:41:20.079728Z 0 [Note] Shutting down plugin 'INNODB_BUFFER_POOL_STATS'\n","stream":"stderr","time":"2022-07-03T22:41:20.09722258Z"}
{"log":"2022-07-03T22:41:20.079730Z 0 [Note] Shutting down plugin 'INNODB_BUFFER_PAGE_LRU'\n","stream":"stderr","time":"2022-07-03T22:41:20.097225876Z"}
{"log":"2022-07-03T22:41:20.079731Z 0 [Note] Shutting down plugin 'INNODB_BUFFER_PAGE'\n","stream":"stderr","time":"2022-07-03T22:41:20.097229173Z"}
{"log":"2022-07-03T22:41:20.079733Z 0 [Note] Shutting down plugin 'INNODB_CMP_PER_INDEX_RESET'\n","stream":"stderr","time":"2022-07-03T22:41:20.097232459Z"}
{"log":"2022-07-03T22:41:20.079735Z 0 [Note] Shutting down plugin 'INNODB_CMP_PER_INDEX'\n","stream":"stderr","time":"2022-07-03T22:41:20.097236096Z"}
{"log":"2022-07-03T22:41:20.079737Z 0 [Note] Shutting down plugin 'INNODB_CMPMEM_RESET'\n","stream":"stderr","time":"2022-07-03T22:41:20.097239352Z"}
{"log":"2022-07-03T22:41:20.079739Z 0 [Note] Shutting down plugin 'INNODB_CMPMEM'\n","stream":"stderr","time":"2022-07-03T22:41:20.097242698Z"}
{"log":"2022-07-03T22:41:20.079741Z 0 [Note] Shutting down plugin 'INNODB_CMP_RESET'\n","stream":"stderr","time":"2022-07-03T22:41:20.097251836Z"}
{"log":"2022-07-03T22:41:20.079742Z 0 [Note] Shutting down plugin 'INNODB_CMP'\n","stream":"stderr","time":"2022-07-03T22:41:20.097255363Z"}
{"log":"2022-07-03T22:41:20.079744Z 0 [Note] Shutting down plugin 'INNODB_LOCK_WAITS'\n","stream":"stderr","time":"2022-07-03T22:41:20.097258679Z"}
{"log":"2022-07-03T22:41:20.079746Z 0 [Note] Shutting down plugin 'INNODB_LOCKS'\n","stream":"stderr","time":"2022-07-03T22:41:20.097262065Z"}
{"log":"2022-07-03T22:41:20.079748Z 0 [Note] Shutting down plugin 'INNODB_TRX'\n","stream":"stderr","time":"2022-07-03T22:41:20.097265352Z"}
{"log":"2022-07-03T22:41:20.079750Z 0 [Note] Shutting down plugin 'InnoDB'\n","stream":"stderr","time":"2022-07-03T22:41:20.097268538Z"}
{"log":"2022-07-03T22:41:20.079800Z 0 [Note] InnoDB: FTS optimize thread exiting.\n","stream":"stderr","time":"2022-07-03T22:41:20.097271794Z"}
{"log":"2022-07-03T22:41:20.079918Z 0 [Note] InnoDB: Starting shutdown...\n","stream":"stderr","time":"2022-07-03T22:41:20.09727507Z"}
{"log":"2022-07-03T22:41:20.180429Z 0 [Note] InnoDB: Dumping buffer pool(s) to /var/lib/mysql/ib_buffer_pool\n","stream":"stderr","time":"2022-07-03T22:41:20.181038121Z"}
{"log":"2022-07-03T22:41:20.180602Z 0 [Note] InnoDB: Buffer pool(s) dump completed at 220703 22:41:20\n","stream":"stderr","time":"2022-07-03T22:41:20.181055003Z"}
{"log":"2022-07-03T22:41:21.470361Z 0 [Note] InnoDB: Shutdown completed; log sequence number 12660515\n","stream":"stderr","time":"2022-07-03T22:41:21.47996795Z"}
{"log":"2022-07-03T22:41:21.471589Z 0 [Note] InnoDB: Removed temporary tablespace data file: \"ibtmp1\"\n","stream":"stderr","time":"2022-07-03T22:41:21.480002126Z"}
{"log":"2022-07-03T22:41:21.471601Z 0 [Note] Shutting down plugin 'MEMORY'\n","stream":"stderr","time":"2022-07-03T22:41:21.480005602Z"}
{"log":"2022-07-03T22:41:21.471605Z 0 [Note] Shutting down plugin 'CSV'\n","stream":"stderr","time":"2022-07-03T22:41:21.480008408Z"}
{"log":"2022-07-03T22:41:21.471609Z 0 [Note] Shutting down plugin 'sha256_password'\n","stream":"stderr","time":"2022-07-03T22:41:21.480011043Z"}
{"log":"2022-07-03T22:41:21.471611Z 0 [Note] Shutting down plugin 'mysql_native_password'\n","stream":"stderr","time":"2022-07-03T22:41:21.480013828Z"}
{"log":"2022-07-03T22:41:21.471715Z 0 [Note] Shutting down plugin 'binlog'\n","stream":"stderr","time":"2022-07-03T22:41:21.480016473Z"}
{"log":"2022-07-03T22:41:21.472033Z 0 [Note] mysqld: Shutdown complete\n","stream":"stderr","time":"2022-07-03T22:41:21.480019108Z"}
{"log":"\n","stream":"stderr","time":"2022-07-03T22:41:21.480021723Z"}
{"log":"2022-07-03 22:41:22+00:00 [Note] [Entrypoint]: Entrypoint script for MySQL Server 5.7.38-1debian10 started.\n","stream":"stdout","time":"2022-07-03T22:41:22.133897288Z"}
{"log":"2022-07-03 22:41:22+00:00 [Note] [Entrypoint]: Switching to dedicated user 'mysql'\n","stream":"stdout","time":"2022-07-03T22:41:22.182630879Z"}
{"log":"2022-07-03 22:41:22+00:00 [Note] [Entrypoint]: Entrypoint script for MySQL Server 5.7.38-1debian10 started.\n","stream":"stdout","time":"2022-07-03T22:41:22.194484504Z"}
{"log":"2022-07-03T22:41:22.396370Z 0 [Warning] TIMESTAMP with implicit DEFAULT value is deprecated. Please use --explicit_defaults_for_timestamp server option (see documentation for more details).\n","stream":"stderr","time":"2022-07-03T22:41:22.402758351Z"}
{"log":"2022-07-03T22:41:22.397442Z 0 [Note] mysqld (mysqld 5.7.38) starting as process 1 ...\n","stream":"stderr","time":"2022-07-03T22:41:22.402777007Z"}
{"log":"2022-07-03T22:41:22.399995Z 0 [Note] InnoDB: PUNCH HOLE support available\n","stream":"stderr","time":"2022-07-03T22:41:22.402780443Z"}
{"log":"2022-07-03T22:41:22.400005Z 0 [Note] InnoDB: Mutexes and rw_locks use GCC atomic builtins\n","stream":"stderr","time":"2022-07-03T22:41:22.402783239Z"}
{"log":"2022-07-03T22:41:22.400008Z 0 [Note] InnoDB: Uses event mutexes\n","stream":"stderr","time":"2022-07-03T22:41:22.402786004Z"}
{"log":"2022-07-03T22:41:22.400010Z 0 [Note] InnoDB: GCC builtin __atomic_thread_fence() is used for memory barrier\n","stream":"stderr","time":"2022-07-03T22:41:22.402795262Z"}
{"log":"2022-07-03T22:41:22.400012Z 0 [Note] InnoDB: Compressed tables use zlib 1.2.11\n","stream":"stderr","time":"2022-07-03T22:41:22.402797796Z"}
{"log":"2022-07-03T22:41:22.400015Z 0 [Note] InnoDB: Using Linux native AIO\n","stream":"stderr","time":"2022-07-03T22:41:22.402800341Z"}
{"log":"2022-07-03T22:41:22.400158Z 0 [Note] InnoDB: Number of pools: 1\n","stream":"stderr","time":"2022-07-03T22:41:22.402802746Z"}
{"log":"2022-07-03T22:41:22.400217Z 0 [Note] InnoDB: Using CPU crc32 instructions\n","stream":"stderr","time":"2022-07-03T22:41:22.40280511Z"}
{"log":"2022-07-03T22:41:22.401254Z 0 [Note] InnoDB: Initializing buffer pool, total size = 128M, instances = 1, chunk size = 128M\n","stream":"stderr","time":"2022-07-03T22:41:22.402807615Z"}
{"log":"2022-07-03T22:41:22.406859Z 0 [Note] InnoDB: Completed initialization of buffer pool\n","stream":"stderr","time":"2022-07-03T22:41:22.408437831Z"}
{"log":"2022-07-03T22:41:22.408344Z 0 [Note] InnoDB: If the mysqld execution user is authorized, page cleaner thread priority can be changed. See the man page of setpriority().\n","stream":"stderr","time":"2022-07-03T22:41:22.408456176Z"}
{"log":"2022-07-03T22:41:22.419869Z 0 [Note] InnoDB: Highest supported file format is Barracuda.\n","stream":"stderr","time":"2022-07-03T22:41:22.420845665Z"}
{"log":"2022-07-03T22:41:22.461379Z 0 [Note] InnoDB: Creating shared tablespace for temporary tables\n","stream":"stderr","time":"2022-07-03T22:41:22.468515113Z"}
{"log":"2022-07-03T22:41:22.461442Z 0 [Note] InnoDB: Setting file './ibtmp1' size to 12 MB. Physically writing the file full; Please wait ...\n","stream":"stderr","time":"2022-07-03T22:41:22.468531374Z"}
{"log":"2022-07-03T22:41:22.561569Z 0 [Note] InnoDB: File './ibtmp1' size is now 12 MB.\n","stream":"stderr","time":"2022-07-03T22:41:22.562740248Z"}
{"log":"2022-07-03T22:41:22.561980Z 0 [Note] InnoDB: 96 redo rollback segment(s) found. 96 redo rollback segment(s) are active.\n","stream":"stderr","time":"2022-07-03T22:41:22.562764214Z"}
{"log":"2022-07-03T22:41:22.561985Z 0 [Note] InnoDB: 32 non-redo rollback segment(s) are active.\n","stream":"stderr","time":"2022-07-03T22:41:22.56276729Z"}
{"log":"2022-07-03T22:41:22.562465Z 0 [Note] InnoDB: Waiting for purge to start\n","stream":"stderr","time":"2022-07-03T22:41:22.562769995Z"}
{"log":"2022-07-03T22:41:22.613325Z 0 [Note] InnoDB: 5.7.38 started; log sequence number 12660515\n","stream":"stderr","time":"2022-07-03T22:41:22.61723168Z"}
{"log":"2022-07-03T22:41:22.613641Z 0 [Note] Plugin 'FEDERATED' is disabled.\n","stream":"stderr","time":"2022-07-03T22:41:22.617257739Z"}
{"log":"2022-07-03T22:41:22.616885Z 0 [Note] Found ca.pem, server-cert.pem and server-key.pem in data directory. Trying to enable SSL support using them.\n","stream":"stderr","time":"2022-07-03T22:41:22.617260655Z"}
{"log":"2022-07-03T22:41:22.616895Z 0 [Note] Skipping generation of SSL certificates as certificate files are present in data directory.\n","stream":"stderr","time":"2022-07-03T22:41:22.61726338Z"}
{"log":"2022-07-03T22:41:22.616898Z 0 [Warning] A deprecated TLS version TLSv1 is enabled. Please use TLSv1.2 or higher.\n","stream":"stderr","time":"2022-07-03T22:41:22.617269151Z"}
{"log":"2022-07-03T22:41:22.616900Z 0 [Warning] A deprecated TLS version TLSv1.1 is enabled. Please use TLSv1.2 or higher.\n","stream":"stderr","time":"2022-07-03T22:41:22.617271686Z"}
{"log":"2022-07-03T22:41:22.617587Z 0 [Warning] CA certificate ca.pem is self signed.\n","stream":"stderr","time":"2022-07-03T22:41:22.619824683Z"}
{"log":"2022-07-03T22:41:22.617611Z 0 [Note] Skipping generation of RSA key pair as key files are present in data directory.\n","stream":"stderr","time":"2022-07-03T22:41:22.619837668Z"}
{"log":"2022-07-03T22:41:22.618016Z 0 [Note] Server hostname (bind-address): '*'; port: 3306\n","stream":"stderr","time":"2022-07-03T22:41:22.619840654Z"}
{"log":"2022-07-03T22:41:22.618467Z 0 [Note] IPv6 is available.\n","stream":"stderr","time":"2022-07-03T22:41:22.619843199Z"}
{"log":"2022-07-03T22:41:22.618483Z 0 [Note]   - '::' resolves to '::';\n","stream":"stderr","time":"2022-07-03T22:41:22.619853007Z"}
{"log":"2022-07-03T22:41:22.618504Z 0 [Note] Server socket created on IP: '::'.\n","stream":"stderr","time":"2022-07-03T22:41:22.619855522Z"}
{"log":"2022-07-03T22:41:22.618892Z 0 [Note] InnoDB: Loading buffer pool(s) from /var/lib/mysql/ib_buffer_pool\n","stream":"stderr","time":"2022-07-03T22:41:22.619857937Z"}
{"log":"2022-07-03T22:41:22.619716Z 0 [Note] InnoDB: Buffer pool(s) load completed at 220703 22:41:22\n","stream":"stderr","time":"2022-07-03T22:41:22.619860512Z"}
{"log":"2022-07-03T22:41:22.621608Z 0 [Warning] Insecure configuration for --pid-file: Location '/var/run/mysqld' in the path is accessible to all OS users. Consider choosing a different directory.\n","stream":"stderr","time":"2022-07-03T22:41:22.62319402Z"}
{"log":"2022-07-03T22:41:22.788525Z 0 [Note] Event Scheduler: Loaded 0 events\n","stream":"stderr","time":"2022-07-03T22:41:22.789062106Z"}
{"log":"2022-07-03T22:41:22.788832Z 0 [Note] mysqld: ready for connections.\n","stream":"stderr","time":"2022-07-03T22:41:22.789085581Z"}
{"log":"Version: '5.7.38'  socket: '/var/run/mysqld/mysqld.sock'  port: 3306  MySQL Community Server (GPL)\n","stream":"stderr","time":"2022-07-03T22:41:22.789088487Z"}
{"log":"2022-07-03T22:59:41.525000Z 0 [Note] Giving 0 client threads a chance to die gracefully\n","stream":"stderr","time":"2022-07-03T22:59:41.526868366Z"}
{"log":"2022-07-03T22:59:41.525336Z 0 [Note] Shutting down slave threads\n","stream":"stderr","time":"2022-07-03T22:59:41.526889497Z"}
{"log":"2022-07-03T22:59:41.525343Z 0 [Note] Forcefully disconnecting 0 remaining clients\n","stream":"stderr","time":"2022-07-03T22:59:41.526892803Z"}
{"log":"2022-07-03T22:59:41.525348Z 0 [Note] Event Scheduler: Purging the queue. 0 events\n","stream":"stderr","time":"2022-07-03T22:59:41.526895578Z"}
{"log":"2022-07-03T22:59:41.525387Z 0 [Note] Binlog end\n","stream":"stderr","time":"2022-07-03T22:59:41.526898253Z"}
{"log":"2022-07-03T22:59:41.525743Z 0 [Note] Shutting down plugin 'ngram'\n","stream":"stderr","time":"2022-07-03T22:59:41.526901289Z"}
{"log":"2022-07-03T22:59:41.525748Z 0 [Note] Shutting down plugin 'partition'\n","stream":"stderr","time":"2022-07-03T22:59:41.526903934Z"}
{"log":"2022-07-03T22:59:41.525750Z 0 [Note] Shutting down plugin 'BLACKHOLE'\n","stream":"stderr","time":"2022-07-03T22:59:41.526906529Z"}
{"log":"2022-07-03T22:59:41.525752Z 0 [Note] Shutting down plugin 'ARCHIVE'\n","stream":"stderr","time":"2022-07-03T22:59:41.526909204Z"}
{"log":"2022-07-03T22:59:41.525754Z 0 [Note] Shutting down plugin 'PERFORMANCE_SCHEMA'\n","stream":"stderr","time":"2022-07-03T22:59:41.526911809Z"}
{"log":"2022-07-03T22:59:41.525781Z 0 [Note] Shutting down plugin 'MRG_MYISAM'\n","stream":"stderr","time":"2022-07-03T22:59:41.526914414Z"}
{"log":"2022-07-03T22:59:41.525783Z 0 [Note] Shutting down plugin 'MyISAM'\n","stream":"stderr","time":"2022-07-03T22:59:41.526917039Z"}
{"log":"2022-07-03T22:59:41.525788Z 0 [Note] Shutting down plugin 'INNODB_SYS_VIRTUAL'\n","stream":"stderr","time":"2022-07-03T22:59:41.526919624Z"}
{"log":"2022-07-03T22:59:41.525790Z 0 [Note] Shutting down plugin 'INNODB_SYS_DATAFILES'\n","stream":"stderr","time":"2022-07-03T22:59:41.526922229Z"}
{"log":"2022-07-03T22:59:41.525792Z 0 [Note] Shutting down plugin 'INNODB_SYS_TABLESPACES'\n","stream":"stderr","time":"2022-07-03T22:59:41.526924854Z"}
{"log":"2022-07-03T22:59:41.525793Z 0 [Note] Shutting down plugin 'INNODB_SYS_FOREIGN_COLS'\n","stream":"stderr","time":"2022-07-03T22:59:41.526927519Z"}
{"log":"2022-07-03T22:59:41.525795Z 0 [Note] Shutting down plugin 'INNODB_SYS_FOREIGN'\n","stream":"stderr","time":"2022-07-03T22:59:41.526930184Z"}
{"log":"2022-07-03T22:59:41.525796Z 0 [Note] Shutting down plugin 'INNODB_SYS_FIELDS'\n","stream":"stderr","time":"2022-07-03T22:59:41.526932779Z"}
{"log":"2022-07-03T22:59:41.525798Z 0 [Note] Shutting down plugin 'INNODB_SYS_COLUMNS'\n","stream":"stderr","time":"2022-07-03T22:59:41.526935374Z"}
{"log":"2022-07-03T22:59:41.525799Z 0 [Note] Shutting down plugin 'INNODB_SYS_INDEXES'\n","stream":"stderr","time":"2022-07-03T22:59:41.526945984Z"}
{"log":"2022-07-03T22:59:41.525800Z 0 [Note] Shutting down plugin 'INNODB_SYS_TABLESTATS'\n","stream":"stderr","time":"2022-07-03T22:59:41.526948399Z"}
{"log":"2022-07-03T22:59:41.525802Z 0 [Note] Shutting down plugin 'INNODB_SYS_TABLES'\n","stream":"stderr","time":"2022-07-03T22:59:41.526950693Z"}
{"log":"2022-07-03T22:59:41.525803Z 0 [Note] Shutting down plugin 'INNODB_FT_INDEX_TABLE'\n","stream":"stderr","time":"2022-07-03T22:59:41.526953008Z"}
{"log":"2022-07-03T22:59:41.525805Z 0 [Note] Shutting down plugin 'INNODB_FT_INDEX_CACHE'\n","stream":"stderr","time":"2022-07-03T22:59:41.526955312Z"}
{"log":"2022-07-03T22:59:41.525806Z 0 [Note] Shutting down plugin 'INNODB_FT_CONFIG'\n","stream":"stderr","time":"2022-07-03T22:59:41.526957827Z"}
{"log":"2022-07-03T22:59:41.525807Z 0 [Note] Shutting down plugin 'INNODB_FT_BEING_DELETED'\n","stream":"stderr","time":"2022-07-03T22:59:41.526960161Z"}
{"log":"2022-07-03T22:59:41.525809Z 0 [Note] Shutting down plugin 'INNODB_FT_DELETED'\n","stream":"stderr","time":"2022-07-03T22:59:41.526963227Z"}
{"log":"2022-07-03T22:59:41.525810Z 0 [Note] Shutting down plugin 'INNODB_FT_DEFAULT_STOPWORD'\n","stream":"stderr","time":"2022-07-03T22:59:41.526965612Z"}
{"log":"2022-07-03T22:59:41.525812Z 0 [Note] Shutting down plugin 'INNODB_METRICS'\n","stream":"stderr","time":"2022-07-03T22:59:41.526967976Z"}
{"log":"2022-07-03T22:59:41.525813Z 0 [Note] Shutting down plugin 'INNODB_TEMP_TABLE_INFO'\n","stream":"stderr","time":"2022-07-03T22:59:41.526970291Z"}
{"log":"2022-07-03T22:59:41.525814Z 0 [Note] Shutting down plugin 'INNODB_BUFFER_POOL_STATS'\n","stream":"stderr","time":"2022-07-03T22:59:41.526972615Z"}
{"log":"2022-07-03T22:59:41.525816Z 0 [Note] Shutting down plugin 'INNODB_BUFFER_PAGE_LRU'\n","stream":"stderr","time":"2022-07-03T22:59:41.52697493Z"}
{"log":"2022-07-03T22:59:41.525817Z 0 [Note] Shutting down plugin 'INNODB_BUFFER_PAGE'\n","stream":"stderr","time":"2022-07-03T22:59:41.526977384Z"}
{"log":"2022-07-03T22:59:41.525818Z 0 [Note] Shutting down plugin 'INNODB_CMP_PER_INDEX_RESET'\n","stream":"stderr","time":"2022-07-03T22:59:41.526979699Z"}
{"log":"2022-07-03T22:59:41.525820Z 0 [Note] Shutting down plugin 'INNODB_CMP_PER_INDEX'\n","stream":"stderr","time":"2022-07-03T22:59:41.526982003Z"}
{"log":"2022-07-03T22:59:41.525821Z 0 [Note] Shutting down plugin 'INNODB_CMPMEM_RESET'\n","stream":"stderr","time":"2022-07-03T22:59:41.526984308Z"}
{"log":"2022-07-03T22:59:41.525823Z 0 [Note] Shutting down plugin 'INNODB_CMPMEM'\n","stream":"stderr","time":"2022-07-03T22:59:41.526986602Z"}
{"log":"2022-07-03T22:59:41.525824Z 0 [Note] Shutting down plugin 'INNODB_CMP_RESET'\n","stream":"stderr","time":"2022-07-03T22:59:41.526988886Z"}
{"log":"2022-07-03T22:59:41.525825Z 0 [Note] Shutting down plugin 'INNODB_CMP'\n","stream":"stderr","time":"2022-07-03T22:59:41.526991181Z"}
{"log":"2022-07-03T22:59:41.525827Z 0 [Note] Shutting down plugin 'INNODB_LOCK_WAITS'\n","stream":"stderr","time":"2022-07-03T22:59:41.526993455Z"}
{"log":"2022-07-03T22:59:41.525828Z 0 [Note] Shutting down plugin 'INNODB_LOCKS'\n","stream":"stderr","time":"2022-07-03T22:59:41.52699581Z"}
{"log":"2022-07-03T22:59:41.525829Z 0 [Note] Shutting down plugin 'INNODB_TRX'\n","stream":"stderr","time":"2022-07-03T22:59:41.526998134Z"}
{"log":"2022-07-03T22:59:41.525831Z 0 [Note] Shutting down plugin 'InnoDB'\n","stream":"stderr","time":"2022-07-03T22:59:41.527000428Z"}
{"log":"2022-07-03T22:59:41.525864Z 0 [Note] InnoDB: FTS optimize thread exiting.\n","stream":"stderr","time":"2022-07-03T22:59:41.527002703Z"}
{"log":"2022-07-03T22:59:41.525944Z 0 [Note] InnoDB: Starting shutdown...\n","stream":"stderr","time":"2022-07-03T22:59:41.527004997Z"}
{"log":"2022-07-03T22:59:41.626278Z 0 [Note] InnoDB: Dumping buffer pool(s) to /var/lib/mysql/ib_buffer_pool\n","stream":"stderr","time":"2022-07-03T22:59:41.626902766Z"}
{"log":"2022-07-03T22:59:41.626505Z 0 [Note] InnoDB: Buffer pool(s) dump completed at 220703 22:59:41\n","stream":"stderr","time":"2022-07-03T22:59:41.62692568Z"}
{"log":"2022-07-03T22:59:42.834413Z 0 [Note] InnoDB: Shutdown completed; log sequence number 12660543\n","stream":"stderr","time":"2022-07-03T22:59:42.839391186Z"}
{"log":"2022-07-03T22:59:42.836959Z 0 [Note] InnoDB: Removed temporary tablespace data file: \"ibtmp1\"\n","stream":"stderr","time":"2022-07-03T22:59:42.839410673Z"}
{"log":"2022-07-03T22:59:42.836998Z 0 [Note] Shutting down plugin 'MEMORY'\n","stream":"stderr","time":"2022-07-03T22:59:42.839413799Z"}
{"log":"2022-07-03T22:59:42.837004Z 0 [Note] Shutting down plugin 'CSV'\n","stream":"stderr","time":"2022-07-03T22:59:42.839416274Z"}
{"log":"2022-07-03T22:59:42.837009Z 0 [Note] Shutting down plugin 'sha256_password'\n","stream":"stderr","time":"2022-07-03T22:59:42.839418668Z"}
{"log":"2022-07-03T22:59:42.837012Z 0 [Note] Shutting down plugin 'mysql_native_password'\n","stream":"stderr","time":"2022-07-03T22:59:42.839421043Z"}
{"log":"2022-07-03T22:59:42.837118Z 0 [Note] Shutting down plugin 'binlog'\n","stream":"stderr","time":"2022-07-03T22:59:42.839423407Z"}
{"log":"2022-07-03T22:59:42.837515Z 0 [Note] mysqld: Shutdown complete\n","stream":"stderr","time":"2022-07-03T22:59:42.839425872Z"}
{"log":"\n","stream":"stderr","time":"2022-07-03T22:59:42.839428196Z"}
{"log":"2022-07-03 23:21:02+00:00 [Note] [Entrypoint]: Entrypoint script for MySQL Server 5.7.38-1debian10 started.\n","stream":"stdout","time":"2022-07-03T23:21:02.516905373Z"}
{"log":"2022-07-03 23:21:04+00:00 [Note] [Entrypoint]: Switching to dedicated user 'mysql'\n","stream":"stdout","time":"2022-07-03T23:21:04.068162504Z"}
{"log":"2022-07-03 23:21:04+00:00 [Note] [Entrypoint]: Entrypoint script for MySQL Server 5.7.38-1debian10 started.\n","stream":"stdout","time":"2022-07-03T23:21:04.126385797Z"}
{"log":"2022-07-03T23:21:04.351343Z 0 [Warning] TIMESTAMP with implicit DEFAULT value is deprecated. Please use --explicit_defaults_for_timestamp server option (see documentation for more details).\n","stream":"stderr","time":"2022-07-03T23:21:04.354210725Z"}
{"log":"2022-07-03T23:21:04.352544Z 0 [Note] mysqld (mysqld 5.7.38) starting as process 1 ...\n","stream":"stderr","time":"2022-07-03T23:21:04.354230361Z"}
{"log":"2022-07-03T23:21:04.355012Z 0 [Note] InnoDB: PUNCH HOLE support available\n","stream":"stderr","time":"2022-07-03T23:21:04.359358772Z"}
{"log":"2022-07-03T23:21:04.355024Z 0 [Note] InnoDB: Mutexes and rw_locks use GCC atomic builtins\n","stream":"stderr","time":"2022-07-03T23:21:04.35937579Z"}
{"log":"2022-07-03T23:21:04.355026Z 0 [Note] InnoDB: Uses event mutexes\n","stream":"stderr","time":"2022-07-03T23:21:04.359378811Z"}
{"log":"2022-07-03T23:21:04.355028Z 0 [Note] InnoDB: GCC builtin __atomic_thread_fence() is used for memory barrier\n","stream":"stderr","time":"2022-07-03T23:21:04.359381383Z"}
{"log":"2022-07-03T23:21:04.355030Z 0 [Note] InnoDB: Compressed tables use zlib 1.2.11\n","stream":"stderr","time":"2022-07-03T23:21:04.359383955Z"}
{"log":"2022-07-03T23:21:04.355032Z 0 [Note] InnoDB: Using Linux native AIO\n","stream":"stderr","time":"2022-07-03T23:21:04.359386416Z"}
{"log":"2022-07-03T23:21:04.355156Z 0 [Note] InnoDB: Number of pools: 1\n","stream":"stderr","time":"2022-07-03T23:21:04.359388841Z"}
{"log":"2022-07-03T23:21:04.355207Z 0 [Note] InnoDB: Using CPU crc32 instructions\n","stream":"stderr","time":"2022-07-03T23:21:04.359391265Z"}
{"log":"2022-07-03T23:21:04.356336Z 0 [Note] InnoDB: Initializing buffer pool, total size = 128M, instances = 1, chunk size = 128M\n","stream":"stderr","time":"2022-07-03T23:21:04.359393809Z"}
{"log":"2022-07-03T23:21:04.365056Z 0 [Note] InnoDB: Completed initialization of buffer pool\n","stream":"stderr","time":"2022-07-03T23:21:04.367172109Z"}
{"log":"2022-07-03T23:21:04.366967Z 0 [Note] InnoDB: If the mysqld execution user is authorized, page cleaner thread priority can be changed. See the man page of setpriority().\n","stream":"stderr","time":"2022-07-03T23:21:04.367191387Z"}
{"log":"2022-07-03T23:21:04.463180Z 0 [Note] InnoDB: Highest supported file format is Barracuda.\n","stream":"stderr","time":"2022-07-03T23:21:04.463407512Z"}
{"log":"2022-07-03T23:21:04.629862Z 0 [Note] InnoDB: Creating shared tablespace for temporary tables\n","stream":"stderr","time":"2022-07-03T23:21:04.632489792Z"}
{"log":"2022-07-03T23:21:04.629944Z 0 [Note] InnoDB: Setting file './ibtmp1' size to 12 MB. Physically writing the file full; Please wait ...\n","stream":"stderr","time":"2022-07-03T23:21:04.632507894Z"}
{"log":"2022-07-03T23:21:04.803757Z 0 [Note] InnoDB: File './ibtmp1' size is now 12 MB.\n","stream":"stderr","time":"2022-07-03T23:21:04.805242124Z"}
{"log":"2022-07-03T23:21:04.804206Z 0 [Note] InnoDB: 96 redo rollback segment(s) found. 96 redo rollback segment(s) are active.\n","stream":"stderr","time":"2022-07-03T23:21:04.805263239Z"}
{"log":"2022-07-03T23:21:04.804213Z 0 [Note] InnoDB: 32 non-redo rollback segment(s) are active.\n","stream":"stderr","time":"2022-07-03T23:21:04.805266233Z"}
{"log":"2022-07-03T23:21:04.804897Z 0 [Note] InnoDB: Waiting for purge to start\n","stream":"stderr","time":"2022-07-03T23:21:04.805268584Z"}
{"log":"2022-07-03T23:21:04.855130Z 0 [Note] InnoDB: 5.7.38 started; log sequence number 12660543\n","stream":"stderr","time":"2022-07-03T23:21:04.856307802Z"}
{"log":"2022-07-03T23:21:04.855938Z 0 [Note] Plugin 'FEDERATED' is disabled.\n","stream":"stderr","time":"2022-07-03T23:21:04.856334372Z"}
{"log":"2022-07-03T23:21:04.856176Z 0 [Note] InnoDB: Loading buffer pool(s) from /var/lib/mysql/ib_buffer_pool\n","stream":"stderr","time":"2022-07-03T23:21:04.856338202Z"}
{"log":"2022-07-03T23:21:05.072639Z 0 [Note] Found ca.pem, server-cert.pem and server-key.pem in data directory. Trying to enable SSL support using them.\n","stream":"stderr","time":"2022-07-03T23:21:05.073075939Z"}
{"log":"2022-07-03T23:21:05.072656Z 0 [Note] Skipping generation of SSL certificates as certificate files are present in data directory.\n","stream":"stderr","time":"2022-07-03T23:21:05.073094371Z"}
{"log":"2022-07-03T23:21:05.072659Z 0 [Warning] A deprecated TLS version TLSv1 is enabled. Please use TLSv1.2 or higher.\n","stream":"stderr","time":"2022-07-03T23:21:05.073097319Z"}
{"log":"2022-07-03T23:21:05.072661Z 0 [Warning] A deprecated TLS version TLSv1.1 is enabled. Please use TLSv1.2 or higher.\n","stream":"stderr","time":"2022-07-03T23:21:05.073099716Z"}
{"log":"2022-07-03T23:21:05.091578Z 0 [Warning] CA certificate ca.pem is self signed.\n","stream":"stderr","time":"2022-07-03T23:21:05.091956108Z"}
{"log":"2022-07-03T23:21:05.091618Z 0 [Note] Skipping generation of RSA key pair as key files are present in data directory.\n","stream":"stderr","time":"2022-07-03T23:21:05.091973227Z"}
{"log":"2022-07-03T23:21:05.107602Z 0 [Note] Server hostname (bind-address): '*'; port: 3306\n","stream":"stderr","time":"2022-07-03T23:21:05.108126127Z"}
{"log":"2022-07-03T23:21:05.107868Z 0 [Note] IPv6 is available.\n","stream":"stderr","time":"2022-07-03T23:21:05.108142686Z"}
{"log":"2022-07-03T23:21:05.107875Z 0 [Note]   - '::' resolves to '::';\n","stream":"stderr","time":"2022-07-03T23:21:05.108145405Z"}
{"log":"2022-07-03T23:21:05.107889Z 0 [Note] Server socket created on IP: '::'.\n","stream":"stderr","time":"2022-07-03T23:21:05.108148288Z"}
{"log":"2022-07-03T23:21:05.188968Z 0 [Warning] Insecure configuration for --pid-file: Location '/var/run/mysqld' in the path is accessible to all OS users. Consider choosing a different directory.\n","stream":"stderr","time":"2022-07-03T23:21:05.189895776Z"}
{"log":"2022-07-03T23:21:05.486221Z 0 [Note] InnoDB: Buffer pool(s) load completed at 220703 23:21:05\n","stream":"stderr","time":"2022-07-03T23:21:05.486318329Z"}
{"log":"2022-07-03T23:21:06.663606Z 0 [Note] Event Scheduler: Loaded 0 events\n","stream":"stderr","time":"2022-07-03T23:21:06.664399735Z"}
{"log":"2022-07-03T23:21:06.664211Z 0 [Note] mysqld: ready for connections.\n","stream":"stderr","time":"2022-07-03T23:21:06.664419169Z"}
{"log":"Version: '5.7.38'  socket: '/var/run/mysqld/mysqld.sock'  port: 3306  MySQL Community Server (GPL)\n","stream":"stderr","time":"2022-07-03T23:21:06.664422007Z"}
{"log":"2022-07-03T23:22:48.937433Z 0 [Note] Giving 0 client threads a chance to die gracefully\n","stream":"stderr","time":"2022-07-03T23:22:48.93935343Z"}
{"log":"2022-07-03T23:22:48.937948Z 0 [Note] Shutting down slave threads\n","stream":"stderr","time":"2022-07-03T23:22:48.939375843Z"}
{"log":"2022-07-03T23:22:48.937956Z 0 [Note] Forcefully disconnecting 0 remaining clients\n","stream":"stderr","time":"2022-07-03T23:22:48.939379359Z"}
{"log":"2022-07-03T23:22:48.937961Z 0 [Note] Event Scheduler: Purging the queue. 0 events\n","stream":"stderr","time":"2022-07-03T23:22:48.939382235Z"}
{"log":"2022-07-03T23:22:48.938000Z 0 [Note] Binlog end\n","stream":"stderr","time":"2022-07-03T23:22:48.93938497Z"}
{"log":"2022-07-03T23:22:48.938364Z 0 [Note] Shutting down plugin 'ngram'\n","stream":"stderr","time":"2022-07-03T23:22:48.939387705Z"}
{"log":"2022-07-03T23:22:48.938368Z 0 [Note] Shutting down plugin 'partition'\n","stream":"stderr","time":"2022-07-03T23:22:48.93939039Z"}
{"log":"2022-07-03T23:22:48.938370Z 0 [Note] Shutting down plugin 'BLACKHOLE'\n","stream":"stderr","time":"2022-07-03T23:22:48.939393105Z"}
{"log":"2022-07-03T23:22:48.938373Z 0 [Note] Shutting down plugin 'ARCHIVE'\n","stream":"stderr","time":"2022-07-03T23:22:48.939395871Z"}
{"log":"2022-07-03T23:22:48.938375Z 0 [Note] Shutting down plugin 'PERFORMANCE_SCHEMA'\n","stream":"stderr","time":"2022-07-03T23:22:48.939398566Z"}
{"log":"2022-07-03T23:22:48.938403Z 0 [Note] Shutting down plugin 'MRG_MYISAM'\n","stream":"stderr","time":"2022-07-03T23:22:48.939401281Z"}
{"log":"2022-07-03T23:22:48.938405Z 0 [Note] Shutting down plugin 'MyISAM'\n","stream":"stderr","time":"2022-07-03T23:22:48.939403966Z"}
{"log":"2022-07-03T23:22:48.938409Z 0 [Note] Shutting down plugin 'INNODB_SYS_VIRTUAL'\n","stream":"stderr","time":"2022-07-03T23:22:48.939406641Z"}
{"log":"2022-07-03T23:22:48.938412Z 0 [Note] Shutting down plugin 'INNODB_SYS_DATAFILES'\n","stream":"stderr","time":"2022-07-03T23:22:48.939409316Z"}
{"log":"2022-07-03T23:22:48.938413Z 0 [Note] Shutting down plugin 'INNODB_SYS_TABLESPACES'\n","stream":"stderr","time":"2022-07-03T23:22:48.939412011Z"}
{"log":"2022-07-03T23:22:48.938415Z 0 [Note] Shutting down plugin 'INNODB_SYS_FOREIGN_COLS'\n","stream":"stderr","time":"2022-07-03T23:22:48.939414727Z"}
{"log":"2022-07-03T23:22:48.938416Z 0 [Note] Shutting down plugin 'INNODB_SYS_FOREIGN'\n","stream":"stderr","time":"2022-07-03T23:22:48.939417492Z"}
{"log":"2022-07-03T23:22:48.938418Z 0 [Note] Shutting down plugin 'INNODB_SYS_FIELDS'\n","stream":"stderr","time":"2022-07-03T23:22:48.939420177Z"}
{"log":"2022-07-03T23:22:48.938419Z 0 [Note] Shutting down plugin 'INNODB_SYS_COLUMNS'\n","stream":"stderr","time":"2022-07-03T23:22:48.939422862Z"}
{"log":"2022-07-03T23:22:48.938421Z 0 [Note] Shutting down plugin 'INNODB_SYS_INDEXES'\n","stream":"stderr","time":"2022-07-03T23:22:48.939425557Z"}
{"log":"2022-07-03T23:22:48.938422Z 0 [Note] Shutting down plugin 'INNODB_SYS_TABLESTATS'\n","stream":"stderr","time":"2022-07-03T23:22:48.939428222Z"}
{"log":"2022-07-03T23:22:48.938424Z 0 [Note] Shutting down plugin 'INNODB_SYS_TABLES'\n","stream":"stderr","time":"2022-07-03T23:22:48.939430917Z"}
{"log":"2022-07-03T23:22:48.938425Z 0 [Note] Shutting down plugin 'INNODB_FT_INDEX_TABLE'\n","stream":"stderr","time":"2022-07-03T23:22:48.939433582Z"}
{"log":"2022-07-03T23:22:48.938427Z 0 [Note] Shutting down plugin 'INNODB_FT_INDEX_CACHE'\n","stream":"stderr","time":"2022-07-03T23:22:48.939436618Z"}
{"log":"2022-07-03T23:22:48.938428Z 0 [Note] Shutting down plugin 'INNODB_FT_CONFIG'\n","stream":"stderr","time":"2022-07-03T23:22:48.939439363Z"}
{"log":"2022-07-03T23:22:48.938429Z 0 [Note] Shutting down plugin 'INNODB_FT_BEING_DELETED'\n","stream":"stderr","time":"2022-07-03T23:22:48.939442059Z"}
{"log":"2022-07-03T23:22:48.938431Z 0 [Note] Shutting down plugin 'INNODB_FT_DELETED'\n","stream":"stderr","time":"2022-07-03T23:22:48.939445435Z"}
{"log":"2022-07-03T23:22:48.938432Z 0 [Note] Shutting down plugin 'INNODB_FT_DEFAULT_STOPWORD'\n","stream":"stderr","time":"2022-07-03T23:22:48.93944821Z"}
{"log":"2022-07-03T23:22:48.938434Z 0 [Note] Shutting down plugin 'INNODB_METRICS'\n","stream":"stderr","time":"2022-07-03T23:22:48.93945835Z"}
{"log":"2022-07-03T23:22:48.938435Z 0 [Note] Shutting down plugin 'INNODB_TEMP_TABLE_INFO'\n","stream":"stderr","time":"2022-07-03T23:22:48.939460975Z"}
{"log":"2022-07-03T23:22:48.938436Z 0 [Note] Shutting down plugin 'INNODB_BUFFER_POOL_STATS'\n","stream":"stderr","time":"2022-07-03T23:22:48.939463399Z"}
{"log":"2022-07-03T23:22:48.938438Z 0 [Note] Shutting down plugin 'INNODB_BUFFER_PAGE_LRU'\n","stream":"stderr","time":"2022-07-03T23:22:48.939465834Z"}
{"log":"2022-07-03T23:22:48.938439Z 0 [Note] Shutting down plugin 'INNODB_BUFFER_PAGE'\n","stream":"stderr","time":"2022-07-03T23:22:48.939468298Z"}
{"log":"2022-07-03T23:22:48.938441Z 0 [Note] Shutting down plugin 'INNODB_CMP_PER_INDEX_RESET'\n","stream":"stderr","time":"2022-07-03T23:22:48.939470713Z"}
{"log":"2022-07-03T23:22:48.938442Z 0 [Note] Shutting down plugin 'INNODB_CMP_PER_INDEX'\n","stream":"stderr","time":"2022-07-03T23:22:48.939473148Z"}
{"log":"2022-07-03T23:22:48.938444Z 0 [Note] Shutting down plugin 'INNODB_CMPMEM_RESET'\n","stream":"stderr","time":"2022-07-03T23:22:48.939475552Z"}
{"log":"2022-07-03T23:22:48.938445Z 0 [Note] Shutting down plugin 'INNODB_CMPMEM'\n","stream":"stderr","time":"2022-07-03T23:22:48.939477947Z"}
{"log":"2022-07-03T23:22:48.938446Z 0 [Note] Shutting down plugin 'INNODB_CMP_RESET'\n","stream":"stderr","time":"2022-07-03T23:22:48.939510619Z"}
{"log":"2022-07-03T23:22:48.938448Z 0 [Note] Shutting down plugin 'INNODB_CMP'\n","stream":"stderr","time":"2022-07-03T23:22:48.939513234Z"}
{"log":"2022-07-03T23:22:48.938449Z 0 [Note] Shutting down plugin 'INNODB_LOCK_WAITS'\n","stream":"stderr","time":"2022-07-03T23:22:48.939515619Z"}
{"log":"2022-07-03T23:22:48.938451Z 0 [Note] Shutting down plugin 'INNODB_LOCKS'\n","stream":"stderr","time":"2022-07-03T23:22:48.939518083Z"}
{"log":"2022-07-03T23:22:48.938452Z 0 [Note] Shutting down plugin 'INNODB_TRX'\n","stream":"stderr","time":"2022-07-03T23:22:48.939520488Z"}
{"log":"2022-07-03T23:22:48.938454Z 0 [Note] Shutting down plugin 'InnoDB'\n","stream":"stderr","time":"2022-07-03T23:22:48.939522852Z"}
{"log":"2022-07-03T23:22:48.938488Z 0 [Note] InnoDB: FTS optimize thread exiting.\n","stream":"stderr","time":"2022-07-03T23:22:48.939525237Z"}
{"log":"2022-07-03T23:22:48.938626Z 0 [Note] InnoDB: Starting shutdown...\n","stream":"stderr","time":"2022-07-03T23:22:48.939527651Z"}
{"log":"2022-07-03T23:22:49.039708Z 0 [Note] InnoDB: Dumping buffer pool(s) to /var/lib/mysql/ib_buffer_pool\n","stream":"stderr","time":"2022-07-03T23:22:49.040275843Z"}
{"log":"2022-07-03T23:22:49.039920Z 0 [Note] InnoDB: Buffer pool(s) dump completed at 220703 23:22:49\n","stream":"stderr","time":"2022-07-03T23:22:49.040292826Z"}
{"log":"2022-07-03T23:22:50.148424Z 0 [Note] InnoDB: Shutdown completed; log sequence number 12660571\n","stream":"stderr","time":"2022-07-03T23:22:50.15412934Z"}
{"log":"2022-07-03T23:22:50.149686Z 0 [Note] InnoDB: Removed temporary tablespace data file: \"ibtmp1\"\n","stream":"stderr","time":"2022-07-03T23:22:50.154152013Z"}
{"log":"2022-07-03T23:22:50.149701Z 0 [Note] Shutting down plugin 'MEMORY'\n","stream":"stderr","time":"2022-07-03T23:22:50.154155339Z"}
{"log":"2022-07-03T23:22:50.149705Z 0 [Note] Shutting down plugin 'CSV'\n","stream":"stderr","time":"2022-07-03T23:22:50.154157954Z"}
{"log":"2022-07-03T23:22:50.149709Z 0 [Note] Shutting down plugin 'sha256_password'\n","stream":"stderr","time":"2022-07-03T23:22:50.154160489Z"}
{"log":"2022-07-03T23:22:50.149711Z 0 [Note] Shutting down plugin 'mysql_native_password'\n","stream":"stderr","time":"2022-07-03T23:22:50.154162964Z"}
{"log":"2022-07-03T23:22:50.149814Z 0 [Note] Shutting down plugin 'binlog'\n","stream":"stderr","time":"2022-07-03T23:22:50.154165458Z"}
{"log":"2022-07-03T23:22:50.150221Z 0 [Note] mysqld: Shutdown complete\n","stream":"stderr","time":"2022-07-03T23:22:50.154168003Z"}
{"log":"\n","stream":"stderr","time":"2022-07-03T23:22:50.15418182Z"}
{"log":"2022-07-03 23:24:38+00:00 [Note] [Entrypoint]: Entrypoint script for MySQL Server 5.7.38-1debian10 started.\n","stream":"stdout","time":"2022-07-03T23:24:38.439211351Z"}
{"log":"2022-07-03 23:24:38+00:00 [Note] [Entrypoint]: Switching to dedicated user 'mysql'\n","stream":"stdout","time":"2022-07-03T23:24:38.499721795Z"}
{"log":"2022-07-03 23:24:38+00:00 [Note] [Entrypoint]: Entrypoint script for MySQL Server 5.7.38-1debian10 started.\n","stream":"stdout","time":"2022-07-03T23:24:38.499753607Z"}
{"log":"2022-07-03T23:24:38.791367Z 0 [Warning] TIMESTAMP with implicit DEFAULT value is deprecated. Please use --explicit_defaults_for_timestamp server option (see documentation for more details).\n","stream":"stderr","time":"2022-07-03T23:24:38.795612586Z"}
{"log":"2022-07-03T23:24:38.792160Z 0 [Note] mysqld (mysqld 5.7.38) starting as process 1 ...\n","stream":"stderr","time":"2022-07-03T23:24:38.795632026Z"}
{"log":"2022-07-03T23:24:38.794367Z 0 [Note] InnoDB: PUNCH HOLE support available\n","stream":"stderr","time":"2022-07-03T23:24:38.795635555Z"}
{"log":"2022-07-03T23:24:38.794377Z 0 [Note] InnoDB: Mutexes and rw_locks use GCC atomic builtins\n","stream":"stderr","time":"2022-07-03T23:24:38.795638332Z"}
{"log":"2022-07-03T23:24:38.794379Z 0 [Note] InnoDB: Uses event mutexes\n","stream":"stderr","time":"2022-07-03T23:24:38.795641049Z"}
{"log":"2022-07-03T23:24:38.794381Z 0 [Note] InnoDB: GCC builtin __atomic_thread_fence() is used for memory barrier\n","stream":"stderr","time":"2022-07-03T23:24:38.795643806Z"}
{"log":"2022-07-03T23:24:38.794384Z 0 [Note] InnoDB: Compressed tables use zlib 1.2.11\n","stream":"stderr","time":"2022-07-03T23:24:38.795646995Z"}
{"log":"2022-07-03T23:24:38.794386Z 0 [Note] InnoDB: Using Linux native AIO\n","stream":"stderr","time":"2022-07-03T23:24:38.795649641Z"}
{"log":"2022-07-03T23:24:38.794562Z 0 [Note] InnoDB: Number of pools: 1\n","stream":"stderr","time":"2022-07-03T23:24:38.795652268Z"}
{"log":"2022-07-03T23:24:38.794626Z 0 [Note] InnoDB: Using CPU crc32 instructions\n","stream":"stderr","time":"2022-07-03T23:24:38.795654915Z"}
{"log":"2022-07-03T23:24:38.796998Z 0 [Note] InnoDB: Initializing buffer pool, total size = 128M, instances = 1, chunk size = 128M\n","stream":"stderr","time":"2022-07-03T23:24:38.804067637Z"}
{"log":"2022-07-03T23:24:38.802445Z 0 [Note] InnoDB: Completed initialization of buffer pool\n","stream":"stderr","time":"2022-07-03T23:24:38.804091138Z"}
{"log":"2022-07-03T23:24:38.803885Z 0 [Note] InnoDB: If the mysqld execution user is authorized, page cleaner thread priority can be changed. See the man page of setpriority().\n","stream":"stderr","time":"2022-07-03T23:24:38.804094527Z"}
{"log":"2022-07-03T23:24:38.816529Z 0 [Note] InnoDB: Highest supported file format is Barracuda.\n","stream":"stderr","time":"2022-07-03T23:24:38.817684663Z"}
{"log":"2022-07-03T23:24:38.832383Z 0 [Note] InnoDB: Creating shared tablespace for temporary tables\n","stream":"stderr","time":"2022-07-03T23:24:38.844345555Z"}
{"log":"2022-07-03T23:24:38.832477Z 0 [Note] InnoDB: Setting file './ibtmp1' size to 12 MB. Physically writing the file full; Please wait ...\n","stream":"stderr","time":"2022-07-03T23:24:38.84437441Z"}
{"log":"2022-07-03T23:24:38.963642Z 0 [Note] InnoDB: File './ibtmp1' size is now 12 MB.\n","stream":"stderr","time":"2022-07-03T23:24:38.968663489Z"}
{"log":"2022-07-03T23:24:38.964042Z 0 [Note] InnoDB: 96 redo rollback segment(s) found. 96 redo rollback segment(s) are active.\n","stream":"stderr","time":"2022-07-03T23:24:38.968690439Z"}
{"log":"2022-07-03T23:24:38.964047Z 0 [Note] InnoDB: 32 non-redo rollback segment(s) are active.\n","stream":"stderr","time":"2022-07-03T23:24:38.968693938Z"}
{"log":"2022-07-03T23:24:38.964798Z 0 [Note] InnoDB: Waiting for purge to start\n","stream":"stderr","time":"2022-07-03T23:24:38.968696785Z"}
{"log":"2022-07-03T23:24:39.016494Z 0 [Note] InnoDB: 5.7.38 started; log sequence number 12660571\n","stream":"stderr","time":"2022-07-03T23:24:39.029302815Z"}
{"log":"2022-07-03T23:24:39.016922Z 0 [Note] Plugin 'FEDERATED' is disabled.\n","stream":"stderr","time":"2022-07-03T23:24:39.0293318Z"}
{"log":"2022-07-03T23:24:39.020932Z 0 [Note] Found ca.pem, server-cert.pem and server-key.pem in data directory. Trying to enable SSL support using them.\n","stream":"stderr","time":"2022-07-03T23:24:39.029335149Z"}
{"log":"2022-07-03T23:24:39.020945Z 0 [Note] Skipping generation of SSL certificates as certificate files are present in data directory.\n","stream":"stderr","time":"2022-07-03T23:24:39.029337776Z"}
{"log":"2022-07-03T23:24:39.020948Z 0 [Warning] A deprecated TLS version TLSv1 is enabled. Please use TLSv1.2 or higher.\n","stream":"stderr","time":"2022-07-03T23:24:39.029340362Z"}
{"log":"2022-07-03T23:24:39.020950Z 0 [Warning] A deprecated TLS version TLSv1.1 is enabled. Please use TLSv1.2 or higher.\n","stream":"stderr","time":"2022-07-03T23:24:39.029342809Z"}
{"log":"2022-07-03T23:24:39.021443Z 0 [Warning] CA certificate ca.pem is self signed.\n","stream":"stderr","time":"2022-07-03T23:24:39.029345235Z"}
{"log":"2022-07-03T23:24:39.021463Z 0 [Note] Skipping generation of RSA key pair as key files are present in data directory.\n","stream":"stderr","time":"2022-07-03T23:24:39.029347581Z"}
{"log":"2022-07-03T23:24:39.021838Z 0 [Note] Server hostname (bind-address): '*'; port: 3306\n","stream":"stderr","time":"2022-07-03T23:24:39.029350007Z"}
{"log":"2022-07-03T23:24:39.022114Z 0 [Note] IPv6 is available.\n","stream":"stderr","time":"2022-07-03T23:24:39.029352363Z"}
{"log":"2022-07-03T23:24:39.022119Z 0 [Note]   - '::' resolves to '::';\n","stream":"stderr","time":"2022-07-03T23:24:39.029354699Z"}
{"log":"2022-07-03T23:24:39.022134Z 0 [Note] Server socket created on IP: '::'.\n","stream":"stderr","time":"2022-07-03T23:24:39.029357025Z"}
{"log":"2022-07-03T23:24:39.022597Z 0 [Note] InnoDB: Loading buffer pool(s) from /var/lib/mysql/ib_buffer_pool\n","stream":"stderr","time":"2022-07-03T23:24:39.029359442Z"}
{"log":"2022-07-03T23:24:39.023691Z 0 [Note] InnoDB: Buffer pool(s) load completed at 220703 23:24:39\n","stream":"stderr","time":"2022-07-03T23:24:39.029361858Z"}
{"log":"2022-07-03T23:24:39.037197Z 0 [Warning] Insecure configuration for --pid-file: Location '/var/run/mysqld' in the path is accessible to all OS users. Consider choosing a different directory.\n","stream":"stderr","time":"2022-07-03T23:24:39.040058921Z"}
{"log":"2022-07-03T23:24:39.164310Z 0 [Note] Event Scheduler: Loaded 0 events\n","stream":"stderr","time":"2022-07-03T23:24:39.175127126Z"}
{"log":"2022-07-03T23:24:39.164505Z 0 [Note] mysqld: ready for connections.\n","stream":"stderr","time":"2022-07-03T23:24:39.175157094Z"}
{"log":"Version: '5.7.38'  socket: '/var/run/mysqld/mysqld.sock'  port: 3306  MySQL Community Server (GPL)\n","stream":"stderr","time":"2022-07-03T23:24:39.175161435Z"}
{"log":"2022-07-03T23:27:36.131328Z 0 [Note] Giving 0 client threads a chance to die gracefully\n","stream":"stderr","time":"2022-07-03T23:27:36.132580914Z"}
{"log":"2022-07-03T23:27:36.131778Z 0 [Note] Shutting down slave threads\n","stream":"stderr","time":"2022-07-03T23:27:36.132602194Z"}
{"log":"2022-07-03T23:27:36.131782Z 0 [Note] Forcefully disconnecting 0 remaining clients\n","stream":"stderr","time":"2022-07-03T23:27:36.132605761Z"}
{"log":"2022-07-03T23:27:36.131786Z 0 [Note] Event Scheduler: Purging the queue. 0 events\n","stream":"stderr","time":"2022-07-03T23:27:36.132608747Z"}
{"log":"2022-07-03T23:27:36.131826Z 0 [Note] Binlog end\n","stream":"stderr","time":"2022-07-03T23:27:36.132611522Z"}
{"log":"2022-07-03T23:27:36.132228Z 0 [Note] Shutting down plugin 'ngram'\n","stream":"stderr","time":"2022-07-03T23:27:36.132614197Z"}
{"log":"2022-07-03T23:27:36.132234Z 0 [Note] Shutting down plugin 'partition'\n","stream":"stderr","time":"2022-07-03T23:27:36.132616882Z"}
{"log":"2022-07-03T23:27:36.132236Z 0 [Note] Shutting down plugin 'BLACKHOLE'\n","stream":"stderr","time":"2022-07-03T23:27:36.132619628Z"}
{"log":"2022-07-03T23:27:36.132238Z 0 [Note] Shutting down plugin 'ARCHIVE'\n","stream":"stderr","time":"2022-07-03T23:27:36.132622293Z"}
{"log":"2022-07-03T23:27:36.132240Z 0 [Note] Shutting down plugin 'PERFORMANCE_SCHEMA'\n","stream":"stderr","time":"2022-07-03T23:27:36.132632081Z"}
{"log":"2022-07-03T23:27:36.132269Z 0 [Note] Shutting down plugin 'MRG_MYISAM'\n","stream":"stderr","time":"2022-07-03T23:27:36.132634736Z"}
{"log":"2022-07-03T23:27:36.132271Z 0 [Note] Shutting down plugin 'MyISAM'\n","stream":"stderr","time":"2022-07-03T23:27:36.132637151Z"}
{"log":"2022-07-03T23:27:36.132275Z 0 [Note] Shutting down plugin 'INNODB_SYS_VIRTUAL'\n","stream":"stderr","time":"2022-07-03T23:27:36.132639506Z"}
{"log":"2022-07-03T23:27:36.132278Z 0 [Note] Shutting down plugin 'INNODB_SYS_DATAFILES'\n","stream":"stderr","time":"2022-07-03T23:27:36.13264192Z"}
{"log":"2022-07-03T23:27:36.132279Z 0 [Note] Shutting down plugin 'INNODB_SYS_TABLESPACES'\n","stream":"stderr","time":"2022-07-03T23:27:36.132644385Z"}
{"log":"2022-07-03T23:27:36.132281Z 0 [Note] Shutting down plugin 'INNODB_SYS_FOREIGN_COLS'\n","stream":"stderr","time":"2022-07-03T23:27:36.13264689Z"}
{"log":"2022-07-03T23:27:36.132282Z 0 [Note] Shutting down plugin 'INNODB_SYS_FOREIGN'\n","stream":"stderr","time":"2022-07-03T23:27:36.132649284Z"}
{"log":"2022-07-03T23:27:36.132284Z 0 [Note] Shutting down plugin 'INNODB_SYS_FIELDS'\n","stream":"stderr","time":"2022-07-03T23:27:36.132651639Z"}
{"log":"2022-07-03T23:27:36.132285Z 0 [Note] Shutting down plugin 'INNODB_SYS_COLUMNS'\n","stream":"stderr","time":"2022-07-03T23:27:36.132654013Z"}
{"log":"2022-07-03T23:27:36.132286Z 0 [Note] Shutting down plugin 'INNODB_SYS_INDEXES'\n","stream":"stderr","time":"2022-07-03T23:27:36.132656378Z"}
{"log":"2022-07-03T23:27:36.132288Z 0 [Note] Shutting down plugin 'INNODB_SYS_TABLESTATS'\n","stream":"stderr","time":"2022-07-03T23:27:36.132658712Z"}
{"log":"2022-07-03T23:27:36.132289Z 0 [Note] Shutting down plugin 'INNODB_SYS_TABLES'\n","stream":"stderr","time":"2022-07-03T23:27:36.132661077Z"}
{"log":"2022-07-03T23:27:36.132291Z 0 [Note] Shutting down plugin 'INNODB_FT_INDEX_TABLE'\n","stream":"stderr","time":"2022-07-03T23:27:36.132663451Z"}
{"log":"2022-07-03T23:27:36.132292Z 0 [Note] Shutting down plugin 'INNODB_FT_INDEX_CACHE'\n","stream":"stderr","time":"2022-07-03T23:27:36.132665876Z"}
{"log":"2022-07-03T23:27:36.132293Z 0 [Note] Shutting down plugin 'INNODB_FT_CONFIG'\n","stream":"stderr","time":"2022-07-03T23:27:36.13266823Z"}
{"log":"2022-07-03T23:27:36.132295Z 0 [Note] Shutting down plugin 'INNODB_FT_BEING_DELETED'\n","stream":"stderr","time":"2022-07-03T23:27:36.132670585Z"}
{"log":"2022-07-03T23:27:36.132296Z 0 [Note] Shutting down plugin 'INNODB_FT_DELETED'\n","stream":"stderr","time":"2022-07-03T23:27:36.132673691Z"}
{"log":"2022-07-03T23:27:36.132297Z 0 [Note] Shutting down plugin 'INNODB_FT_DEFAULT_STOPWORD'\n","stream":"stderr","time":"2022-07-03T23:27:36.132676075Z"}
{"log":"2022-07-03T23:27:36.132299Z 0 [Note] Shutting down plugin 'INNODB_METRICS'\n","stream":"stderr","time":"2022-07-03T23:27:36.1326785Z"}
{"log":"2022-07-03T23:27:36.132300Z 0 [Note] Shutting down plugin 'INNODB_TEMP_TABLE_INFO'\n","stream":"stderr","time":"2022-07-03T23:27:36.132680955Z"}
{"log":"2022-07-03T23:27:36.132302Z 0 [Note] Shutting down plugin 'INNODB_BUFFER_POOL_STATS'\n","stream":"stderr","time":"2022-07-03T23:27:36.132683369Z"}
{"log":"2022-07-03T23:27:36.132303Z 0 [Note] Shutting down plugin 'INNODB_BUFFER_PAGE_LRU'\n","stream":"stderr","time":"2022-07-03T23:27:36.132685834Z"}
{"log":"2022-07-03T23:27:36.132304Z 0 [Note] Shutting down plugin 'INNODB_BUFFER_PAGE'\n","stream":"stderr","time":"2022-07-03T23:27:36.132688259Z"}
{"log":"2022-07-03T23:27:36.132306Z 0 [Note] Shutting down plugin 'INNODB_CMP_PER_INDEX_RESET'\n","stream":"stderr","time":"2022-07-03T23:27:36.132690633Z"}
{"log":"2022-07-03T23:27:36.132307Z 0 [Note] Shutting down plugin 'INNODB_CMP_PER_INDEX'\n","stream":"stderr","time":"2022-07-03T23:27:36.132693058Z"}
{"log":"2022-07-03T23:27:36.132309Z 0 [Note] Shutting down plugin 'INNODB_CMPMEM_RESET'\n","stream":"stderr","time":"2022-07-03T23:27:36.132695442Z"}
{"log":"2022-07-03T23:27:36.132310Z 0 [Note] Shutting down plugin 'INNODB_CMPMEM'\n","stream":"stderr","time":"2022-07-03T23:27:36.132697837Z"}
{"log":"2022-07-03T23:27:36.132311Z 0 [Note] Shutting down plugin 'INNODB_CMP_RESET'\n","stream":"stderr","time":"2022-07-03T23:27:36.132702977Z"}
{"log":"2022-07-03T23:27:36.132313Z 0 [Note] Shutting down plugin 'INNODB_CMP'\n","stream":"stderr","time":"2022-07-03T23:27:36.132705632Z"}
{"log":"2022-07-03T23:27:36.132314Z 0 [Note] Shutting down plugin 'INNODB_LOCK_WAITS'\n","stream":"stderr","time":"2022-07-03T23:27:36.132708066Z"}
{"log":"2022-07-03T23:27:36.132316Z 0 [Note] Shutting down plugin 'INNODB_LOCKS'\n","stream":"stderr","time":"2022-07-03T23:27:36.132710441Z"}
{"log":"2022-07-03T23:27:36.132317Z 0 [Note] Shutting down plugin 'INNODB_TRX'\n","stream":"stderr","time":"2022-07-03T23:27:36.132712795Z"}
{"log":"2022-07-03T23:27:36.132319Z 0 [Note] Shutting down plugin 'InnoDB'\n","stream":"stderr","time":"2022-07-03T23:27:36.13271514Z"}
{"log":"2022-07-03T23:27:36.132352Z 0 [Note] InnoDB: FTS optimize thread exiting.\n","stream":"stderr","time":"2022-07-03T23:27:36.132717494Z"}
{"log":"2022-07-03T23:27:36.132465Z 0 [Note] InnoDB: Starting shutdown...\n","stream":"stderr","time":"2022-07-03T23:27:36.132719859Z"}
{"log":"2022-07-03T23:27:36.232556Z 0 [Note] InnoDB: Dumping buffer pool(s) to /var/lib/mysql/ib_buffer_pool\n","stream":"stderr","time":"2022-07-03T23:27:36.233246912Z"}
{"log":"2022-07-03T23:27:36.232745Z 0 [Note] InnoDB: Buffer pool(s) dump completed at 220703 23:27:36\n","stream":"stderr","time":"2022-07-03T23:27:36.233267963Z"}
{"log":"2022-07-03T23:27:37.644920Z 0 [Note] InnoDB: Shutdown completed; log sequence number 12660599\n","stream":"stderr","time":"2022-07-03T23:27:37.649435589Z"}
{"log":"2022-07-03T23:27:37.646235Z 0 [Note] InnoDB: Removed temporary tablespace data file: \"ibtmp1\"\n","stream":"stderr","time":"2022-07-03T23:27:37.649455397Z"}
{"log":"2022-07-03T23:27:37.646250Z 0 [Note] Shutting down plugin 'MEMORY'\n","stream":"stderr","time":"2022-07-03T23:27:37.649458653Z"}
{"log":"2022-07-03T23:27:37.646254Z 0 [Note] Shutting down plugin 'CSV'\n","stream":"stderr","time":"2022-07-03T23:27:37.649461208Z"}
{"log":"2022-07-03T23:27:37.646259Z 0 [Note] Shutting down plugin 'sha256_password'\n","stream":"stderr","time":"2022-07-03T23:27:37.649463693Z"}
{"log":"2022-07-03T23:27:37.646260Z 0 [Note] Shutting down plugin 'mysql_native_password'\n","stream":"stderr","time":"2022-07-03T23:27:37.649466107Z"}
{"log":"2022-07-03T23:27:37.646364Z 0 [Note] Shutting down plugin 'binlog'\n","stream":"stderr","time":"2022-07-03T23:27:37.649468612Z"}
{"log":"2022-07-03T23:27:37.646733Z 0 [Note] mysqld: Shutdown complete\n","stream":"stderr","time":"2022-07-03T23:27:37.649471006Z"}
{"log":"\n","stream":"stderr","time":"2022-07-03T23:27:37.649473371Z"}
{"log":"2022-07-03 23:45:14+00:00 [Note] [Entrypoint]: Entrypoint script for MySQL Server 5.7.38-1debian10 started.\n","stream":"stdout","time":"2022-07-03T23:45:14.401574778Z"}
{"log":"2022-07-03 23:45:14+00:00 [Note] [Entrypoint]: Switching to dedicated user 'mysql'\n","stream":"stdout","time":"2022-07-03T23:45:14.492609008Z"}
{"log":"2022-07-03 23:45:14+00:00 [Note] [Entrypoint]: Entrypoint script for MySQL Server 5.7.38-1debian10 started.\n","stream":"stdout","time":"2022-07-03T23:45:14.500074303Z"}
{"log":"2022-07-03T23:45:14.805568Z 0 [Warning] TIMESTAMP with implicit DEFAULT value is deprecated. Please use --explicit_defaults_for_timestamp server option (see documentation for more details).\n","stream":"stderr","time":"2022-07-03T23:45:14.814825767Z"}
{"log":"2022-07-03T23:45:14.811567Z 0 [Note] mysqld (mysqld 5.7.38) starting as process 1 ...\n","stream":"stderr","time":"2022-07-03T23:45:14.81484803Z"}
{"log":"2022-07-03T23:45:14.813869Z 0 [Note] InnoDB: PUNCH HOLE support available\n","stream":"stderr","time":"2022-07-03T23:45:14.814851556Z"}
{"log":"2022-07-03T23:45:14.813880Z 0 [Note] InnoDB: Mutexes and rw_locks use GCC atomic builtins\n","stream":"stderr","time":"2022-07-03T23:45:14.814854552Z"}
{"log":"2022-07-03T23:45:14.813883Z 0 [Note] InnoDB: Uses event mutexes\n","stream":"stderr","time":"2022-07-03T23:45:14.814857277Z"}
{"log":"2022-07-03T23:45:14.813885Z 0 [Note] InnoDB: GCC builtin __atomic_thread_fence() is used for memory barrier\n","stream":"stderr","time":"2022-07-03T23:45:14.814868408Z"}
{"log":"2022-07-03T23:45:14.813887Z 0 [Note] InnoDB: Compressed tables use zlib 1.2.11\n","stream":"stderr","time":"2022-07-03T23:45:14.814871114Z"}
{"log":"2022-07-03T23:45:14.813889Z 0 [Note] InnoDB: Using Linux native AIO\n","stream":"stderr","time":"2022-07-03T23:45:14.814873468Z"}
{"log":"2022-07-03T23:45:14.814031Z 0 [Note] InnoDB: Number of pools: 1\n","stream":"stderr","time":"2022-07-03T23:45:14.814875823Z"}
{"log":"2022-07-03T23:45:14.814091Z 0 [Note] InnoDB: Using CPU crc32 instructions\n","stream":"stderr","time":"2022-07-03T23:45:14.814878197Z"}
{"log":"2022-07-03T23:45:14.815747Z 0 [Note] InnoDB: Initializing buffer pool, total size = 128M, instances = 1, chunk size = 128M\n","stream":"stderr","time":"2022-07-03T23:45:14.818605224Z"}
{"log":"2022-07-03T23:45:14.824782Z 0 [Note] InnoDB: Completed initialization of buffer pool\n","stream":"stderr","time":"2022-07-03T23:45:14.83379165Z"}
{"log":"2022-07-03T23:45:14.826151Z 0 [Note] InnoDB: If the mysqld execution user is authorized, page cleaner thread priority can be changed. See the man page of setpriority().\n","stream":"stderr","time":"2022-07-03T23:45:14.833818231Z"}
{"log":"2022-07-03T23:45:14.839532Z 0 [Note] InnoDB: Highest supported file format is Barracuda.\n","stream":"stderr","time":"2022-07-03T23:45:14.840513028Z"}
{"log":"2022-07-03T23:45:14.921623Z 0 [Note] InnoDB: Creating shared tablespace for temporary tables\n","stream":"stderr","time":"2022-07-03T23:45:14.922262028Z"}
{"log":"2022-07-03T23:45:14.921693Z 0 [Note] InnoDB: Setting file './ibtmp1' size to 12 MB. Physically writing the file full; Please wait ...\n","stream":"stderr","time":"2022-07-03T23:45:14.922279702Z"}
{"log":"2022-07-03T23:45:15.124135Z 0 [Note] InnoDB: File './ibtmp1' size is now 12 MB.\n","stream":"stderr","time":"2022-07-03T23:45:15.125814857Z"}
{"log":"2022-07-03T23:45:15.124771Z 0 [Note] InnoDB: 96 redo rollback segment(s) found. 96 redo rollback segment(s) are active.\n","stream":"stderr","time":"2022-07-03T23:45:15.125843491Z"}
{"log":"2022-07-03T23:45:15.124777Z 0 [Note] InnoDB: 32 non-redo rollback segment(s) are active.\n","stream":"stderr","time":"2022-07-03T23:45:15.12584806Z"}
{"log":"2022-07-03T23:45:15.125374Z 0 [Note] InnoDB: Waiting for purge to start\n","stream":"stderr","time":"2022-07-03T23:45:15.125851887Z"}
{"log":"2022-07-03T23:45:15.178129Z 0 [Note] InnoDB: 5.7.38 started; log sequence number 12660599\n","stream":"stderr","time":"2022-07-03T23:45:15.188608334Z"}
{"log":"2022-07-03T23:45:15.178411Z 0 [Note] Plugin 'FEDERATED' is disabled.\n","stream":"stderr","time":"2022-07-03T23:45:15.188630315Z"}
{"log":"2022-07-03T23:45:15.182180Z 0 [Note] Found ca.pem, server-cert.pem and server-key.pem in data directory. Trying to enable SSL support using them.\n","stream":"stderr","time":"2022-07-03T23:45:15.188634193Z"}
{"log":"2022-07-03T23:45:15.182190Z 0 [Note] Skipping generation of SSL certificates as certificate files are present in data directory.\n","stream":"stderr","time":"2022-07-03T23:45:15.18863773Z"}
{"log":"2022-07-03T23:45:15.182193Z 0 [Warning] A deprecated TLS version TLSv1 is enabled. Please use TLSv1.2 or higher.\n","stream":"stderr","time":"2022-07-03T23:45:15.188641306Z"}
{"log":"2022-07-03T23:45:15.182195Z 0 [Warning] A deprecated TLS version TLSv1.1 is enabled. Please use TLSv1.2 or higher.\n","stream":"stderr","time":"2022-07-03T23:45:15.188644863Z"}
{"log":"2022-07-03T23:45:15.182577Z 0 [Warning] CA certificate ca.pem is self signed.\n","stream":"stderr","time":"2022-07-03T23:45:15.188648049Z"}
{"log":"2022-07-03T23:45:15.182598Z 0 [Note] Skipping generation of RSA key pair as key files are present in data directory.\n","stream":"stderr","time":"2022-07-03T23:45:15.188651115Z"}
{"log":"2022-07-03T23:45:15.183315Z 0 [Note] Server hostname (bind-address): '*'; port: 3306\n","stream":"stderr","time":"2022-07-03T23:45:15.188654321Z"}
{"log":"2022-07-03T23:45:15.183560Z 0 [Note] IPv6 is available.\n","stream":"stderr","time":"2022-07-03T23:45:15.188666474Z"}
{"log":"2022-07-03T23:45:15.183567Z 0 [Note]   - '::' resolves to '::';\n","stream":"stderr","time":"2022-07-03T23:45:15.18866969Z"}
{"log":"2022-07-03T23:45:15.183582Z 0 [Note] Server socket created on IP: '::'.\n","stream":"stderr","time":"2022-07-03T23:45:15.188745986Z"}
{"log":"2022-07-03T23:45:15.184024Z 0 [Note] InnoDB: Loading buffer pool(s) from /var/lib/mysql/ib_buffer_pool\n","stream":"stderr","time":"2022-07-03T23:45:15.188749382Z"}
{"log":"2022-07-03T23:45:15.184872Z 0 [Note] InnoDB: Buffer pool(s) load completed at 220703 23:45:15\n","stream":"stderr","time":"2022-07-03T23:45:15.188751857Z"}
{"log":"2022-07-03T23:45:15.191390Z 0 [Warning] Insecure configuration for --pid-file: Location '/var/run/mysqld' in the path is accessible to all OS users. Consider choosing a different directory.\n","stream":"stderr","time":"2022-07-03T23:45:15.193334924Z"}
{"log":"2022-07-03T23:45:15.265822Z 0 [Note] Event Scheduler: Loaded 0 events\n","stream":"stderr","time":"2022-07-03T23:45:15.266270972Z"}
{"log":"2022-07-03T23:45:15.265980Z 0 [Note] mysqld: ready for connections.\n","stream":"stderr","time":"2022-07-03T23:45:15.266294948Z"}
{"log":"Version: '5.7.38'  socket: '/var/run/mysqld/mysqld.sock'  port: 3306  MySQL Community Server (GPL)\n","stream":"stderr","time":"2022-07-03T23:45:15.266298024Z"}
