update-alternatives 2022-06-23 07:22:27: run with --install /usr/bin/lzma lzma /usr/bin/xz 20 --slave /usr/share/man/man1/lzma.1.gz lzma.1.gz /usr/share/man/man1/xz.1.gz --slave /usr/bin/unlzma unlzma /usr/bin/unxz --slave /usr/share/man/man1/unlzma.1.gz unlzma.1.gz /usr/share/man/man1/unxz.1.gz --slave /usr/bin/lzcat lzcat /usr/bin/xzcat --slave /usr/share/man/man1/lzcat.1.gz lzcat.1.gz /usr/share/man/man1/xzcat.1.gz --slave /usr/bin/lzmore lzmore /usr/bin/xzmore --slave /usr/share/man/man1/lzmore.1.gz lzmore.1.gz /usr/share/man/man1/xzmore.1.gz --slave /usr/bin/lzless lzless /usr/bin/xzless --slave /usr/share/man/man1/lzless.1.gz lzless.1.gz /usr/share/man/man1/xzless.1.gz --slave /usr/bin/lzdiff lzdiff /usr/bin/xzdiff --slave /usr/share/man/man1/lzdiff.1.gz lzdiff.1.gz /usr/share/man/man1/xzdiff.1.gz --slave /usr/bin/lzcmp lzcmp /usr/bin/xzcmp --slave /usr/share/man/man1/lzcmp.1.gz lzcmp.1.gz /usr/share/man/man1/xzcmp.1.gz --slave /usr/bin/lzgrep lzgrep /usr/bin/xzgrep --slave /usr/share/man/man1/lzgrep.1.gz lzgrep.1.gz /usr/share/man/man1/xzgrep.1.gz --slave /usr/bin/lzegrep lzegrep /usr/bin/xzegrep --slave /usr/share/man/man1/lzegrep.1.gz lzegrep.1.gz /usr/share/man/man1/xzegrep.1.gz --slave /usr/bin/lzfgrep lzfgrep /usr/bin/xzfgrep --slave /usr/share/man/man1/lzfgrep.1.gz lzfgrep.1.gz /usr/share/man/man1/xzfgrep.1.gz
update-alternatives 2022-06-23 07:22:27: link group lzma updated to point to /usr/bin/xz
update-alternatives 2022-06-23 07:22:28: run with --quiet --install /lib/cpp cpp /usr/bin/cpp 10
update-alternatives 2022-06-23 07:22:28: link group cpp updated to point to /usr/bin/cpp
update-alternatives 2022-06-23 07:22:28: run with --quiet --install /usr/bin/cc cc /usr/bin/gcc 20
update-alternatives 2022-06-23 07:22:28: link group cc updated to point to /usr/bin/gcc
update-alternatives 2022-06-23 07:22:28: run with --quiet --install /usr/bin/c89 c89 /usr/bin/c89-gcc 20 --slave /usr/share/man/man1/c89.1.gz c89.1.gz /usr/share/man/man1/c89-gcc.1.gz
update-alternatives 2022-06-23 07:22:28: link group c89 updated to point to /usr/bin/c89-gcc
update-alternatives 2022-06-23 07:22:28: run with --quiet --install /usr/bin/c99 c99 /usr/bin/c99-gcc 20 --slave /usr/share/man/man1/c99.1.gz c99.1.gz /usr/share/man/man1/c99-gcc.1.gz
update-alternatives 2022-06-23 07:22:28: link group c99 updated to point to /usr/bin/c99-gcc
update-alternatives 2022-06-23 07:22:28: run with --install /usr/bin/c++ c++ /usr/bin/g++ 20
update-alternatives 2022-06-23 07:22:28: link group c++ updated to point to /usr/bin/g++
update-alternatives 2022-06-23 07:25:58: run with --quiet --install /usr/bin/open open /usr/bin/run-mailcap 30 --slave /usr/share/man/man1/open.1.gz open.1.gz /usr/share/man/man1/run-mailcap.1.gz
update-alternatives 2022-06-23 07:25:58: link group open updated to point to /usr/bin/run-mailcap
update-alternatives 2022-06-23 08:43:40: run with --quiet --install /usr/bin/pinentry pinentry /usr/bin/pinentry-curses 50 --slave /usr/share/man/man1/pinentry.1.gz pinentry.1.gz /usr/share/man/man1/pinentry-curses.1.gz
update-alternatives 2022-06-23 08:43:40: link group pinentry updated to point to /usr/bin/pinentry-curses
update-alternatives 2022-06-23 08:43:47: run with --quiet --remove pinentry /usr/bin/pinentry-curses
update-alternatives 2022-06-23 08:43:47: link group pinentry fully removed
update-alternatives 2022-06-23 08:43:57: run with --install /usr/bin/write write /usr/bin/write.ul 100 --slave /usr/share/man/man1/write.1.gz write.1.gz /usr/share/man/man1/write.ul.1.gz
update-alternatives 2022-06-23 08:43:57: link group write updated to point to /usr/bin/write.ul
update-alternatives 2022-06-23 08:43:57: run with --install /usr/bin/automake automake /usr/bin/automake-1.16 34 --slave /usr/bin/aclocal aclocal /usr/bin/aclocal-1.16 --slave /usr/share/man/man1/automake.1.gz automake.1.gz /usr/share/man/man1/automake-1.16.1.gz --slave /usr/share/man/man1/aclocal.1.gz aclocal.1.gz /usr/share/man/man1/aclocal-1.16.1.gz
update-alternatives 2022-06-23 08:43:57: link group automake updated to point to /usr/bin/automake-1.16
update-alternatives 2022-06-23 08:45:32: run with --remove write /usr/bin/write.ul
update-alternatives 2022-06-23 08:45:32: link group write fully removed
update-alternatives 2022-06-23 08:45:34: run with --remove automake /usr/bin/automake-1.16
update-alternatives 2022-06-23 08:45:34: link group automake fully removed
