2022-06-28T00:23:18.403030Z 0 [Warning] TIMESTAMP with implicit DEFAULT value is deprecated. Please use --explicit_defaults_for_timestamp server option (see documentation for more details).
2022-06-28T00:23:18.639555Z 0 [Warning] InnoDB: New log files created, LSN=45790
2022-06-28T00:23:18.685252Z 0 [Warning] InnoDB: Creating foreign key constraint system tables.
2022-06-28T00:23:18.694482Z 0 [Warning] No existing UUID has been found, so we assume that this is the first time that this server has been started. Generating a new UUID: 827656f4-f678-11ec-8beb-0242ac120002.
2022-06-28T00:23:18.696556Z 0 [Warning] Gtid table is not ready to be used. Table 'mysql.gtid_executed' cannot be opened.
2022-06-28T00:23:18.886672Z 0 [Warning] A deprecated TLS version TLSv1 is enabled. Please use TLSv1.2 or higher.
2022-06-28T00:23:18.886686Z 0 [Warning] A deprecated TLS version TLSv1.1 is enabled. Please use TLSv1.2 or higher.
2022-06-28T00:23:18.887094Z 0 [Warning] CA certificate ca.pem is self signed.
2022-06-28T00:23:18.931696Z 1 [Warning] root@localhost is created with an empty password ! Please consider switching off the --initialize-insecure option.
2022-06-28T00:23:21.784857Z 0 [Warning] TIMESTAMP with implicit DEFAULT value is deprecated. Please use --explicit_defaults_for_timestamp server option (see documentation for more details).
2022-06-28T00:23:21.786790Z 0 [Note] mysqld (mysqld 5.7.38) starting as process 530 ...
2022-06-28T00:23:21.789691Z 0 [Note] InnoDB: PUNCH HOLE support available
2022-06-28T00:23:21.789709Z 0 [Note] InnoDB: Mutexes and rw_locks use GCC atomic builtins
2022-06-28T00:23:21.789714Z 0 [Note] InnoDB: Uses event mutexes
2022-06-28T00:23:21.789717Z 0 [Note] InnoDB: GCC builtin __atomic_thread_fence() is used for memory barrier
2022-06-28T00:23:21.789721Z 0 [Note] InnoDB: Compressed tables use zlib 1.2.11
2022-06-28T00:23:21.789725Z 0 [Note] InnoDB: Using Linux native AIO
2022-06-28T00:23:21.789957Z 0 [Note] InnoDB: Number of pools: 1
2022-06-28T00:23:21.790062Z 0 [Note] InnoDB: Using CPU crc32 instructions
2022-06-28T00:23:21.791740Z 0 [Note] InnoDB: Initializing buffer pool, total size = 128M, instances = 1, chunk size = 128M
2022-06-28T00:23:21.799991Z 0 [Note] InnoDB: Completed initialization of buffer pool
2022-06-28T00:23:21.802418Z 0 [Note] InnoDB: If the mysqld execution user is authorized, page cleaner thread priority can be changed. See the man page of setpriority().
2022-06-28T00:23:21.814088Z 0 [Note] InnoDB: Highest supported file format is Barracuda.
2022-06-28T00:23:21.822470Z 0 [Note] InnoDB: Creating shared tablespace for temporary tables
2022-06-28T00:23:21.822514Z 0 [Note] InnoDB: Setting file './ibtmp1' size to 12 MB. Physically writing the file full; Please wait ...
2022-06-28T00:23:21.848112Z 0 [Note] InnoDB: File './ibtmp1' size is now 12 MB.
2022-06-28T00:23:21.848692Z 0 [Note] InnoDB: 96 redo rollback segment(s) found. 96 redo rollback segment(s) are active.
2022-06-28T00:23:21.848701Z 0 [Note] InnoDB: 32 non-redo rollback segment(s) are active.
2022-06-28T00:23:21.849031Z 0 [Note] InnoDB: 5.7.38 started; log sequence number 2749976
2022-06-28T00:23:21.849127Z 0 [Note] InnoDB: Loading buffer pool(s) from /var/lib/mysql/ib_buffer_pool
2022-06-28T00:23:21.849281Z 0 [Note] Plugin 'FEDERATED' is disabled.
2022-06-28T00:23:21.850545Z 0 [Note] InnoDB: Buffer pool(s) load completed at 220628  0:23:21
2022-06-28T00:23:21.855385Z 0 [Note] Found ca.pem, server-cert.pem and server-key.pem in data directory. Trying to enable SSL support using them.
2022-06-28T00:23:21.855399Z 0 [Note] Skipping generation of SSL certificates as certificate files are present in data directory.
2022-06-28T00:23:21.855403Z 0 [Warning] A deprecated TLS version TLSv1 is enabled. Please use TLSv1.2 or higher.
2022-06-28T00:23:21.855407Z 0 [Warning] A deprecated TLS version TLSv1.1 is enabled. Please use TLSv1.2 or higher.
2022-06-28T00:23:21.855838Z 0 [Warning] CA certificate ca.pem is self signed.
2022-06-28T00:23:21.855858Z 0 [Note] Skipping generation of RSA key pair as key files are present in data directory.
2022-06-28T00:23:21.856112Z 0 [Note] Server hostname (bind-address): '127.0.0.1'; port: 3306
2022-06-28T00:23:21.856133Z 0 [Note]   - '127.0.0.1' resolves to '127.0.0.1';
2022-06-28T00:23:21.856148Z 0 [Note] Server socket created on IP: '127.0.0.1'.
2022-06-28T00:23:21.858534Z 0 [Warning] Insecure configuration for --pid-file: Location '/tmp' in the path is accessible to all OS users. Consider choosing a different directory.
2022-06-28T00:23:21.865153Z 0 [Note] Event Scheduler: Loaded 0 events
2022-06-28T00:23:21.865261Z 0 [Note] Execution of init_file '/var/lib/mysql-files/aMfiC3g0lx' started.
2022-06-28T00:23:21.868425Z 0 [Note] Execution of init_file '/var/lib/mysql-files/aMfiC3g0lx' ended.
2022-06-28T00:23:21.868479Z 0 [Note] mysqld: ready for connections.
Version: '5.7.38'  socket: '/tmp/tmp.gjAuUPGP2S/mysqld.sock'  port: 3306  MySQL Community Server (GPL)
2022-06-28T00:23:21.868670Z 0 [Note] Giving 0 client threads a chance to die gracefully
2022-06-28T00:23:21.868684Z 0 [Note] Shutting down slave threads
2022-06-28T00:23:21.868688Z 0 [Note] Forcefully disconnecting 0 remaining clients
2022-06-28T00:23:21.868693Z 0 [Note] Event Scheduler: Purging the queue. 0 events
2022-06-28T00:23:21.868723Z 0 [Note] Binlog end
2022-06-28T00:23:21.868999Z 0 [Note] Shutting down plugin 'auth_socket'
2022-06-28T00:23:21.869005Z 0 [Note] Shutting down plugin 'ngram'
2022-06-28T00:23:21.869009Z 0 [Note] Shutting down plugin 'partition'
2022-06-28T00:23:21.869012Z 0 [Note] Shutting down plugin 'BLACKHOLE'
2022-06-28T00:23:21.869016Z 0 [Note] Shutting down plugin 'ARCHIVE'
2022-06-28T00:23:21.869019Z 0 [Note] Shutting down plugin 'PERFORMANCE_SCHEMA'
2022-06-28T00:23:21.869040Z 0 [Note] Shutting down plugin 'MRG_MYISAM'
2022-06-28T00:23:21.869043Z 0 [Note] Shutting down plugin 'MyISAM'
2022-06-28T00:23:21.869049Z 0 [Note] Shutting down plugin 'INNODB_SYS_VIRTUAL'
2022-06-28T00:23:21.869052Z 0 [Note] Shutting down plugin 'INNODB_SYS_DATAFILES'
2022-06-28T00:23:21.869055Z 0 [Note] Shutting down plugin 'INNODB_SYS_TABLESPACES'
2022-06-28T00:23:21.869058Z 0 [Note] Shutting down plugin 'INNODB_SYS_FOREIGN_COLS'
2022-06-28T00:23:21.869061Z 0 [Note] Shutting down plugin 'INNODB_SYS_FOREIGN'
2022-06-28T00:23:21.869064Z 0 [Note] Shutting down plugin 'INNODB_SYS_FIELDS'
2022-06-28T00:23:21.869067Z 0 [Note] Shutting down plugin 'INNODB_SYS_COLUMNS'
2022-06-28T00:23:21.869070Z 0 [Note] Shutting down plugin 'INNODB_SYS_INDEXES'
2022-06-28T00:23:21.869072Z 0 [Note] Shutting down plugin 'INNODB_SYS_TABLESTATS'
2022-06-28T00:23:21.869075Z 0 [Note] Shutting down plugin 'INNODB_SYS_TABLES'
2022-06-28T00:23:21.869078Z 0 [Note] Shutting down plugin 'INNODB_FT_INDEX_TABLE'
2022-06-28T00:23:21.869081Z 0 [Note] Shutting down plugin 'INNODB_FT_INDEX_CACHE'
2022-06-28T00:23:21.869084Z 0 [Note] Shutting down plugin 'INNODB_FT_CONFIG'
2022-06-28T00:23:21.869086Z 0 [Note] Shutting down plugin 'INNODB_FT_BEING_DELETED'
2022-06-28T00:23:21.869089Z 0 [Note] Shutting down plugin 'INNODB_FT_DELETED'
2022-06-28T00:23:21.869092Z 0 [Note] Shutting down plugin 'INNODB_FT_DEFAULT_STOPWORD'
2022-06-28T00:23:21.869095Z 0 [Note] Shutting down plugin 'INNODB_METRICS'
2022-06-28T00:23:21.869098Z 0 [Note] Shutting down plugin 'INNODB_TEMP_TABLE_INFO'
2022-06-28T00:23:21.869101Z 0 [Note] Shutting down plugin 'INNODB_BUFFER_POOL_STATS'
2022-06-28T00:23:21.869103Z 0 [Note] Shutting down plugin 'INNODB_BUFFER_PAGE_LRU'
2022-06-28T00:23:21.869106Z 0 [Note] Shutting down plugin 'INNODB_BUFFER_PAGE'
2022-06-28T00:23:21.869109Z 0 [Note] Shutting down plugin 'INNODB_CMP_PER_INDEX_RESET'
2022-06-28T00:23:21.869112Z 0 [Note] Shutting down plugin 'INNODB_CMP_PER_INDEX'
2022-06-28T00:23:21.869115Z 0 [Note] Shutting down plugin 'INNODB_CMPMEM_RESET'
2022-06-28T00:23:21.869118Z 0 [Note] Shutting down plugin 'INNODB_CMPMEM'
2022-06-28T00:23:21.869120Z 0 [Note] Shutting down plugin 'INNODB_CMP_RESET'
2022-06-28T00:23:21.869123Z 0 [Note] Shutting down plugin 'INNODB_CMP'
2022-06-28T00:23:21.869126Z 0 [Note] Shutting down plugin 'INNODB_LOCK_WAITS'
2022-06-28T00:23:21.869129Z 0 [Note] Shutting down plugin 'INNODB_LOCKS'
2022-06-28T00:23:21.869138Z 0 [Note] Shutting down plugin 'INNODB_TRX'
2022-06-28T00:23:21.869141Z 0 [Note] Shutting down plugin 'InnoDB'
2022-06-28T00:23:21.869174Z 0 [Note] InnoDB: FTS optimize thread exiting.
2022-06-28T00:23:21.869232Z 0 [Note] InnoDB: Starting shutdown...
2022-06-28T00:23:21.969367Z 0 [Note] InnoDB: Dumping buffer pool(s) to /var/lib/mysql/ib_buffer_pool
2022-06-28T00:23:21.969535Z 0 [Note] InnoDB: Buffer pool(s) dump completed at 220628  0:23:21
2022-06-28T00:23:23.678733Z 0 [Note] InnoDB: Shutdown completed; log sequence number 2750181
2022-06-28T00:23:23.680697Z 0 [Note] InnoDB: Removed temporary tablespace data file: "ibtmp1"
2022-06-28T00:23:23.680717Z 0 [Note] Shutting down plugin 'MEMORY'
2022-06-28T00:23:23.680722Z 0 [Note] Shutting down plugin 'CSV'
2022-06-28T00:23:23.680727Z 0 [Note] Shutting down plugin 'sha256_password'
2022-06-28T00:23:23.680730Z 0 [Note] Shutting down plugin 'mysql_native_password'
2022-06-28T00:23:23.680875Z 0 [Note] Shutting down plugin 'binlog'
2022-06-28T00:23:23.682213Z 0 [Note] mysqld: Shutdown complete

