update-alternatives 2022-06-23 00:50:18: run with --quiet --install /usr/bin/pinentry pinentry /usr/bin/pinentry-curses 50 --slave /usr/share/man/man1/pinentry.1.gz pinentry.1.gz /usr/share/man/man1/pinentry-curses.1.gz
update-alternatives 2022-06-23 00:50:18: link group pinentry updated to point to /usr/bin/pinentry-curses
update-alternatives 2022-06-23 00:50:31: run with --quiet --install /usr/bin/rsh rsh /usr/bin/ssh 20 --slave /usr/share/man/man1/rsh.1.gz rsh.1.gz /usr/share/man/man1/ssh.1.gz
update-alternatives 2022-06-23 00:50:31: link group rsh updated to point to /usr/bin/ssh
update-alternatives 2022-06-23 00:50:32: run with --quiet --install /usr/bin/rlogin rlogin /usr/bin/slogin 20 --slave /usr/share/man/man1/rlogin.1.gz rlogin.1.gz /usr/share/man/man1/slogin.1.gz
update-alternatives 2022-06-23 00:50:32: link group rlogin updated to point to /usr/bin/slogin
update-alternatives 2022-06-23 00:50:32: run with --quiet --install /usr/bin/rcp rcp /usr/bin/scp 20 --slave /usr/share/man/man1/rcp.1.gz rcp.1.gz /usr/share/man/man1/scp.1.gz
update-alternatives 2022-06-23 00:50:32: link group rcp updated to point to /usr/bin/scp
update-alternatives 2022-06-23 00:51:09: run with --install /etc/mysql/my.cnf my.cnf /etc/mysql/my.cnf.fallback 100
update-alternatives 2022-06-23 00:51:09: link group my.cnf updated to point to /etc/mysql/my.cnf.fallback
update-alternatives 2022-06-23 00:51:09: run with --install /etc/mysql/my.cnf my.cnf /etc/mysql/mariadb.cnf 200
update-alternatives 2022-06-23 00:51:09: link group my.cnf updated to point to /etc/mysql/mariadb.cnf
update-alternatives 2022-06-23 00:51:09: run with --install /usr/bin/lzma lzma /usr/bin/xz 20 --slave /usr/share/man/man1/lzma.1.gz lzma.1.gz /usr/share/man/man1/xz.1.gz --slave /usr/bin/unlzma unlzma /usr/bin/unxz --slave /usr/share/man/man1/unlzma.1.gz unlzma.1.gz /usr/share/man/man1/unxz.1.gz --slave /usr/bin/lzcat lzcat /usr/bin/xzcat --slave /usr/share/man/man1/lzcat.1.gz lzcat.1.gz /usr/share/man/man1/xzcat.1.gz --slave /usr/bin/lzmore lzmore /usr/bin/xzmore --slave /usr/share/man/man1/lzmore.1.gz lzmore.1.gz /usr/share/man/man1/xzmore.1.gz --slave /usr/bin/lzless lzless /usr/bin/xzless --slave /usr/share/man/man1/lzless.1.gz lzless.1.gz /usr/share/man/man1/xzless.1.gz --slave /usr/bin/lzdiff lzdiff /usr/bin/xzdiff --slave /usr/share/man/man1/lzdiff.1.gz lzdiff.1.gz /usr/share/man/man1/xzdiff.1.gz --slave /usr/bin/lzcmp lzcmp /usr/bin/xzcmp --slave /usr/share/man/man1/lzcmp.1.gz lzcmp.1.gz /usr/share/man/man1/xzcmp.1.gz --slave /usr/bin/lzgrep lzgrep /usr/bin/xzgrep --slave /usr/share/man/man1/lzgrep.1.gz lzgrep.1.gz /usr/share/man/man1/xzgrep.1.gz --slave /usr/bin/lzegrep lzegrep /usr/bin/xzegrep --slave /usr/share/man/man1/lzegrep.1.gz lzegrep.1.gz /usr/share/man/man1/xzegrep.1.gz --slave /usr/bin/lzfgrep lzfgrep /usr/bin/xzfgrep --slave /usr/share/man/man1/lzfgrep.1.gz lzfgrep.1.gz /usr/share/man/man1/xzfgrep.1.gz
update-alternatives 2022-06-23 00:51:09: link group lzma updated to point to /usr/bin/xz
update-alternatives 2022-06-23 00:51:14: run with --quiet --install /lib/cpp cpp /usr/bin/cpp 10
update-alternatives 2022-06-23 00:51:14: link group cpp updated to point to /usr/bin/cpp
update-alternatives 2022-06-23 00:51:14: run with --install /usr/bin/automake automake /usr/bin/automake-1.16 34 --slave /usr/bin/aclocal aclocal /usr/bin/aclocal-1.16 --slave /usr/share/man/man1/automake.1.gz automake.1.gz /usr/share/man/man1/automake-1.16.1.gz --slave /usr/share/man/man1/aclocal.1.gz aclocal.1.gz /usr/share/man/man1/aclocal-1.16.1.gz
update-alternatives 2022-06-23 00:51:14: link group automake updated to point to /usr/bin/automake-1.16
update-alternatives 2022-06-23 00:51:16: run with --quiet --install /usr/bin/cc cc /usr/bin/gcc 20
update-alternatives 2022-06-23 00:51:16: link group cc updated to point to /usr/bin/gcc
update-alternatives 2022-06-23 00:51:16: run with --quiet --install /usr/bin/c89 c89 /usr/bin/c89-gcc 20 --slave /usr/share/man/man1/c89.1.gz c89.1.gz /usr/share/man/man1/c89-gcc.1.gz
update-alternatives 2022-06-23 00:51:16: link group c89 updated to point to /usr/bin/c89-gcc
update-alternatives 2022-06-23 00:51:16: run with --quiet --install /usr/bin/c99 c99 /usr/bin/c99-gcc 20 --slave /usr/share/man/man1/c99.1.gz c99.1.gz /usr/share/man/man1/c99-gcc.1.gz
update-alternatives 2022-06-23 00:51:16: link group c99 updated to point to /usr/bin/c99-gcc
update-alternatives 2022-06-23 00:51:17: run with --install /usr/bin/compare compare /usr/bin/compare-im6.q16 10000 --slave /usr/share/man/man1/compare.1.gz compare.1.gz /usr/share/man/man1/compare-im6.q16.1.gz
update-alternatives 2022-06-23 00:51:17: link group compare updated to point to /usr/bin/compare-im6.q16
update-alternatives 2022-06-23 00:51:17: run with --install /usr/bin/compare-im6 compare-im6 /usr/bin/compare-im6.q16 10000 --slave /usr/share/man/man1/compare-im6.1.gz compare-im6.1.gz /usr/share/man/man1/compare-im6.q16.1.gz
update-alternatives 2022-06-23 00:51:17: link group compare-im6 updated to point to /usr/bin/compare-im6.q16
update-alternatives 2022-06-23 00:51:17: run with --install /usr/bin/animate animate /usr/bin/animate-im6.q16 10000 --slave /usr/share/man/man1/animate.1.gz animate.1.gz /usr/share/man/man1/animate-im6.q16.1.gz
update-alternatives 2022-06-23 00:51:17: link group animate updated to point to /usr/bin/animate-im6.q16
update-alternatives 2022-06-23 00:51:17: run with --install /usr/bin/animate-im6 animate-im6 /usr/bin/animate-im6.q16 10000 --slave /usr/share/man/man1/animate-im6.1.gz animate-im6.1.gz /usr/share/man/man1/animate-im6.q16.1.gz
update-alternatives 2022-06-23 00:51:17: link group animate-im6 updated to point to /usr/bin/animate-im6.q16
update-alternatives 2022-06-23 00:51:17: run with --install /usr/bin/convert convert /usr/bin/convert-im6.q16 10000 --slave /usr/share/man/man1/convert.1.gz convert.1.gz /usr/share/man/man1/convert-im6.q16.1.gz
update-alternatives 2022-06-23 00:51:17: link group convert updated to point to /usr/bin/convert-im6.q16
update-alternatives 2022-06-23 00:51:17: run with --install /usr/bin/convert-im6 convert-im6 /usr/bin/convert-im6.q16 10000 --slave /usr/share/man/man1/convert-im6.1.gz convert-im6.1.gz /usr/share/man/man1/convert-im6.q16.1.gz
update-alternatives 2022-06-23 00:51:17: link group convert-im6 updated to point to /usr/bin/convert-im6.q16
update-alternatives 2022-06-23 00:51:17: run with --install /usr/bin/composite composite /usr/bin/composite-im6.q16 10000 --slave /usr/share/man/man1/composite.1.gz composite.1.gz /usr/share/man/man1/composite-im6.q16.1.gz
update-alternatives 2022-06-23 00:51:17: link group composite updated to point to /usr/bin/composite-im6.q16
update-alternatives 2022-06-23 00:51:17: run with --install /usr/bin/composite-im6 composite-im6 /usr/bin/composite-im6.q16 10000 --slave /usr/share/man/man1/composite-im6.1.gz composite-im6.1.gz /usr/share/man/man1/composite-im6.q16.1.gz
update-alternatives 2022-06-23 00:51:17: link group composite-im6 updated to point to /usr/bin/composite-im6.q16
update-alternatives 2022-06-23 00:51:17: run with --install /usr/bin/conjure conjure /usr/bin/conjure-im6.q16 10000 --slave /usr/share/man/man1/conjure.1.gz conjure.1.gz /usr/share/man/man1/conjure-im6.q16.1.gz
update-alternatives 2022-06-23 00:51:17: link group conjure updated to point to /usr/bin/conjure-im6.q16
update-alternatives 2022-06-23 00:51:17: run with --install /usr/bin/conjure-im6 conjure-im6 /usr/bin/conjure-im6.q16 10000 --slave /usr/share/man/man1/conjure-im6.1.gz conjure-im6.1.gz /usr/share/man/man1/conjure-im6.q16.1.gz
update-alternatives 2022-06-23 00:51:17: link group conjure-im6 updated to point to /usr/bin/conjure-im6.q16
update-alternatives 2022-06-23 00:51:17: run with --install /usr/bin/import import /usr/bin/import-im6.q16 10000 --slave /usr/share/man/man1/import.1.gz import.1.gz /usr/share/man/man1/import-im6.q16.1.gz
update-alternatives 2022-06-23 00:51:17: link group import updated to point to /usr/bin/import-im6.q16
update-alternatives 2022-06-23 00:51:17: run with --install /usr/bin/import-im6 import-im6 /usr/bin/import-im6.q16 10000 --slave /usr/share/man/man1/import-im6.1.gz import-im6.1.gz /usr/share/man/man1/import-im6.q16.1.gz
update-alternatives 2022-06-23 00:51:17: link group import-im6 updated to point to /usr/bin/import-im6.q16
update-alternatives 2022-06-23 00:51:17: run with --install /usr/bin/identify identify /usr/bin/identify-im6.q16 10000 --slave /usr/share/man/man1/identify.1.gz identify.1.gz /usr/share/man/man1/identify-im6.q16.1.gz
update-alternatives 2022-06-23 00:51:17: link group identify updated to point to /usr/bin/identify-im6.q16
update-alternatives 2022-06-23 00:51:17: run with --install /usr/bin/identify-im6 identify-im6 /usr/bin/identify-im6.q16 10000 --slave /usr/share/man/man1/identify-im6.1.gz identify-im6.1.gz /usr/share/man/man1/identify-im6.q16.1.gz
update-alternatives 2022-06-23 00:51:17: link group identify-im6 updated to point to /usr/bin/identify-im6.q16
update-alternatives 2022-06-23 00:51:17: run with --install /usr/bin/stream stream /usr/bin/stream-im6.q16 10000 --slave /usr/share/man/man1/stream.1.gz stream.1.gz /usr/share/man/man1/stream-im6.q16.1.gz
update-alternatives 2022-06-23 00:51:17: link group stream updated to point to /usr/bin/stream-im6.q16
update-alternatives 2022-06-23 00:51:17: run with --install /usr/bin/stream-im6 stream-im6 /usr/bin/stream-im6.q16 10000 --slave /usr/share/man/man1/stream-im6.1.gz stream-im6.1.gz /usr/share/man/man1/stream-im6.q16.1.gz
update-alternatives 2022-06-23 00:51:17: link group stream-im6 updated to point to /usr/bin/stream-im6.q16
update-alternatives 2022-06-23 00:51:17: run with --install /usr/bin/display display /usr/bin/display-im6.q16 10000 --slave /usr/share/man/man1/display.1.gz display.1.gz /usr/share/man/man1/display-im6.q16.1.gz
update-alternatives 2022-06-23 00:51:17: link group display updated to point to /usr/bin/display-im6.q16
update-alternatives 2022-06-23 00:51:17: run with --install /usr/bin/display-im6 display-im6 /usr/bin/display-im6.q16 10000 --slave /usr/share/man/man1/display-im6.1.gz display-im6.1.gz /usr/share/man/man1/display-im6.q16.1.gz
update-alternatives 2022-06-23 00:51:17: link group display-im6 updated to point to /usr/bin/display-im6.q16
update-alternatives 2022-06-23 00:51:17: run with --install /usr/bin/montage montage /usr/bin/montage-im6.q16 10000 --slave /usr/share/man/man1/montage.1.gz montage.1.gz /usr/share/man/man1/montage-im6.q16.1.gz
update-alternatives 2022-06-23 00:51:17: link group montage updated to point to /usr/bin/montage-im6.q16
update-alternatives 2022-06-23 00:51:17: run with --install /usr/bin/montage-im6 montage-im6 /usr/bin/montage-im6.q16 10000 --slave /usr/share/man/man1/montage-im6.1.gz montage-im6.1.gz /usr/share/man/man1/montage-im6.q16.1.gz
update-alternatives 2022-06-23 00:51:17: link group montage-im6 updated to point to /usr/bin/montage-im6.q16
update-alternatives 2022-06-23 00:51:17: run with --install /usr/bin/mogrify mogrify /usr/bin/mogrify-im6.q16 10000 --slave /usr/share/man/man1/mogrify.1.gz mogrify.1.gz /usr/share/man/man1/mogrify-im6.q16.1.gz
update-alternatives 2022-06-23 00:51:17: link group mogrify updated to point to /usr/bin/mogrify-im6.q16
update-alternatives 2022-06-23 00:51:17: run with --install /usr/bin/mogrify-im6 mogrify-im6 /usr/bin/mogrify-im6.q16 10000 --slave /usr/share/man/man1/mogrify-im6.1.gz mogrify-im6.1.gz /usr/share/man/man1/mogrify-im6.q16.1.gz
update-alternatives 2022-06-23 00:51:17: link group mogrify-im6 updated to point to /usr/bin/mogrify-im6.q16
update-alternatives 2022-06-23 00:51:17: run with --install /usr/bin/c++ c++ /usr/bin/g++ 20
update-alternatives 2022-06-23 00:51:17: link group c++ updated to point to /usr/bin/g++
